2025-04-12 22:51:11:5111 [32minfo[39m: [32mServer running on port 8000[39m
2025-04-12 22:51:46:5146 [31merror[39m: [31mError connecting to MongoDB: Could not connect to any servers in your MongoDB Atlas cluster. One common reason is that you're trying to access the database from an IP that isn't whitelisted. Make sure your current IP address is on your Atlas cluster's IP whitelist: https://www.mongodb.com/docs/atlas/security-whitelist/[39m
2025-04-12 22:55:34:5534 [32minfo[39m: [32mServer running on port 8000[39m
2025-04-12 22:55:42:5542 [32minfo[39m: [32mMongoDB Connected: ac-aozmc2l-shard-00-00.evqiglv.mongodb.net[39m
2025-04-13 21:28:15:2815 [32minfo[39m: [32mServer running on port 8000[39m
2025-04-13 21:29:20:2920 [31merror[39m: [31mError connecting to MongoDB: Connection to ac-aozmc2l-shard-00-01.evqiglv.mongodb.net:27017 interrupted due to server monitor timeout[39m
2025-04-13 22:20:34:2034 [32minfo[39m: [32mServer running on port 8000[39m
2025-04-13 22:23:39:2339 [32minfo[39m: [32mMongoDB Connected: ac-aozmc2l-shard-00-00.evqiglv.mongodb.net[39m
2025-04-16 12:13:08:138 [32minfo[39m: [32mServer running on port 8000[39m
2025-04-16 12:13:17:1317 [32minfo[39m: [32mMongoDB Connected: ac-aozmc2l-shard-00-00.evqiglv.mongodb.net[39m
2025-04-16 13:27:38:2738 [32minfo[39m: [32mServer running on port 8000[39m
2025-04-16 13:41:01:411 [32minfo[39m: [32mServer running on port 8000[39m
2025-04-16 13:41:57:4157 [32minfo[39m: [32mServer running on port 8000[39m
2025-04-16 14:54:59:5459 [32minfo[39m: [32mServer running on port 8000[39m
2025-04-16 14:56:26:5626 [32minfo[39m: [32mMongoDB Connected: ac-aozmc2l-shard-00-00.evqiglv.mongodb.net[39m
2025-04-16 15:29:52:2952 [32minfo[39m: [32mServer running on port 8000[39m
2025-04-16 15:30:02:302 [32minfo[39m: [32mMongoDB Connected: ac-aozmc2l-shard-00-00.evqiglv.mongodb.net[39m
2025-04-16 15:38:38:3838 [32minfo[39m: [32mServer running on port 8000[39m
2025-04-16 15:38:46:3846 [32minfo[39m: [32mMongoDB Connected: ac-aozmc2l-shard-00-00.evqiglv.mongodb.net[39m
2025-04-16 15:40:45:4045 [32minfo[39m: [32mServer running on port 8000[39m
2025-04-16 15:40:52:4052 [32minfo[39m: [32mMongoDB Connected: ac-aozmc2l-shard-00-00.evqiglv.mongodb.net[39m
2025-04-16 15:50:03:503 [32minfo[39m: [32mServer running on port 8000[39m
2025-04-16 15:50:09:509 [32minfo[39m: [32mMongoDB Connected: ac-aozmc2l-shard-00-00.evqiglv.mongodb.net[39m
2025-04-16 15:59:33:5933 [32minfo[39m: [32mServer running on port 8000[39m
2025-04-16 15:59:40:5940 [32minfo[39m: [32mMongoDB Connected: ac-aozmc2l-shard-00-00.evqiglv.mongodb.net[39m
2025-04-16 16:02:01:21 [32minfo[39m: [32mServer running on port 8000[39m
2025-04-16 16:02:08:28 [32minfo[39m: [32mMongoDB Connected: ac-aozmc2l-shard-00-00.evqiglv.mongodb.net[39m
2025-04-16 16:02:20:220 [32minfo[39m: [32mServer running on port 8000[39m
2025-04-16 16:02:27:227 [32minfo[39m: [32mMongoDB Connected: ac-aozmc2l-shard-00-02.evqiglv.mongodb.net[39m
2025-04-16 16:03:00:30 [32minfo[39m: [32mServer running on port 8000[39m
2025-04-16 16:03:07:37 [32minfo[39m: [32mMongoDB Connected: ac-aozmc2l-shard-00-00.evqiglv.mongodb.net[39m
2025-04-16 16:03:28:328 [32minfo[39m: [32mServer running on port 8000[39m
2025-04-16 16:03:34:334 [32minfo[39m: [32mMongoDB Connected: ac-aozmc2l-shard-00-00.evqiglv.mongodb.net[39m
2025-04-16 16:36:49:3649 [32minfo[39m: [32mServer running on port 8000[39m
2025-04-16 16:38:15:3815 [32minfo[39m: [32mMongoDB Connected: ac-aozmc2l-shard-00-00.evqiglv.mongodb.net[39m
2025-04-16 17:26:08:268 [32minfo[39m: [32mServer running on port 8000[39m
2025-04-16 17:26:22:2622 [32minfo[39m: [32mServer running on port 8000[39m
2025-04-16 17:26:33:2633 [32minfo[39m: [32mMongoDB Connected: ac-aozmc2l-shard-00-00.evqiglv.mongodb.net[39m
2025-04-16 17:34:11:3411 [32minfo[39m: [32mServer running on port 8000[39m
2025-04-16 17:34:27:3427 [32minfo[39m: [32mMongoDB Connected: ac-aozmc2l-shard-00-00.evqiglv.mongodb.net[39m
2025-04-16 18:01:22:122 [32minfo[39m: [32mServer running on port 8000[39m
2025-04-16 18:01:37:137 [32minfo[39m: [32mMongoDB Connected: ac-aozmc2l-shard-00-00.evqiglv.mongodb.net[39m
2025-04-16 18:01:58:158 [32minfo[39m: [32mServer running on port 8000[39m
2025-04-16 18:02:11:211 [32minfo[39m: [32mMongoDB Connected: ac-aozmc2l-shard-00-02.evqiglv.mongodb.net[39m
2025-04-16 18:02:27:227 [32minfo[39m: [32mServer running on port 8000[39m
2025-04-16 18:02:35:235 [32minfo[39m: [32mMongoDB Connected: ac-aozmc2l-shard-00-00.evqiglv.mongodb.net[39m
2025-04-16 18:04:55:455 [32minfo[39m: [32mServer running on port 8000[39m
2025-04-16 18:05:04:54 [32minfo[39m: [32mMongoDB Connected: ac-aozmc2l-shard-00-00.evqiglv.mongodb.net[39m
2025-04-16 18:05:36:536 [32minfo[39m: [32mServer running on port 8000[39m
2025-04-16 18:05:46:546 [32minfo[39m: [32mMongoDB Connected: ac-aozmc2l-shard-00-02.evqiglv.mongodb.net[39m
2025-04-16 18:32:19:3219 [32minfo[39m: [32mServer running on port 8000[39m
2025-04-16 18:32:27:3227 [32minfo[39m: [32mMongoDB Connected: ac-aozmc2l-shard-00-00.evqiglv.mongodb.net[39m
2025-04-16 18:37:41:3741 [32minfo[39m: [32mServer running on port 8000[39m
2025-04-16 18:38:32:3832 [32minfo[39m: [32mServer running on port 8000[39m
2025-04-16 18:39:07:397 [31merror[39m: [31mError connecting to MongoDB: getaddrinfo ENOTFOUND ac-aozmc2l-shard-00-01.evqiglv.mongodb.net[39m
2025-04-16 18:40:04:404 [32minfo[39m: [32mServer running on port 8000[39m
2025-04-16 18:40:10:4010 [32minfo[39m: [32mMongoDB Connected: ac-aozmc2l-shard-00-00.evqiglv.mongodb.net[39m
2025-04-16 18:41:15:4115 [32minfo[39m: [32mServer running on port 8000[39m
2025-04-16 18:41:32:4132 [32minfo[39m: [32mMongoDB Connected: ac-aozmc2l-shard-00-00.evqiglv.mongodb.net[39m
2025-04-16 18:44:01:441 [32minfo[39m: [32mServer running on port 8000[39m
2025-04-16 18:44:08:448 [32minfo[39m: [32mMongoDB Connected: ac-aozmc2l-shard-00-00.evqiglv.mongodb.net[39m
2025-04-16 18:44:59:4459 [32minfo[39m: [32mServer running on port 8000[39m
2025-04-16 18:45:06:456 [32minfo[39m: [32mMongoDB Connected: ac-aozmc2l-shard-00-02.evqiglv.mongodb.net[39m
2025-04-16 18:46:16:4616 [32minfo[39m: [32mServer running on port 8000[39m
2025-04-16 18:46:38:4638 [32minfo[39m: [32mMongoDB Connected: ac-aozmc2l-shard-00-00.evqiglv.mongodb.net[39m
2025-04-16 18:47:07:477 [32minfo[39m: [32mServer running on port 8000[39m
2025-04-16 18:47:13:4713 [32minfo[39m: [32mMongoDB Connected: ac-aozmc2l-shard-00-02.evqiglv.mongodb.net[39m
2025-04-18 11:27:05:275 [32minfo[39m: [32mServer running on port 8000[39m
2025-04-18 11:27:20:2720 [32minfo[39m: [32mMongoDB Connected: ac-aozmc2l-shard-00-00.evqiglv.mongodb.net[39m
2025-04-18 11:45:04:454 [31merror[39m: [31mJWT verification error: invalid signature[39m
2025-04-18 12:05:04:54 [32minfo[39m: [32mServer running on port 8000[39m
2025-04-18 12:05:17:517 [32minfo[39m: [32mMongoDB Connected: ac-aozmc2l-shard-00-00.evqiglv.mongodb.net[39m
2025-04-18 12:09:34:934 [32minfo[39m: [32mServer running on port 8000[39m
2025-04-18 12:09:51:951 [32minfo[39m: [32mMongoDB Connected: ac-aozmc2l-shard-00-00.evqiglv.mongodb.net[39m
2025-04-18 12:10:01:101 [32minfo[39m: [32mServer running on port 8000[39m
2025-04-18 12:10:11:1011 [32minfo[39m: [32mServer running on port 8000[39m
2025-04-18 12:10:16:1016 [32minfo[39m: [32mMongoDB Connected: ac-aozmc2l-shard-00-00.evqiglv.mongodb.net[39m
2025-04-18 12:12:56:1256 [32minfo[39m: [32mServer running on port 8000[39m
2025-04-18 12:13:07:137 [32minfo[39m: [32mMongoDB Connected: ac-aozmc2l-shard-00-00.evqiglv.mongodb.net[39m
2025-04-18 12:30:36:3036 [32minfo[39m: [32mServer running on port 8000[39m
2025-04-18 12:30:42:3042 [32minfo[39m: [32mMongoDB Connected: ac-aozmc2l-shard-00-00.evqiglv.mongodb.net[39m
2025-04-18 12:31:58:3158 [32minfo[39m: [32mServer running on port 8000[39m
2025-04-18 12:32:05:325 [32minfo[39m: [32mMongoDB Connected: ac-aozmc2l-shard-00-00.evqiglv.mongodb.net[39m
2025-04-18 12:32:28:3228 [32minfo[39m: [32mServer running on port 8000[39m
2025-04-18 12:32:35:3235 [32minfo[39m: [32mMongoDB Connected: ac-aozmc2l-shard-00-02.evqiglv.mongodb.net[39m
2025-04-18 12:50:39:5039 [32minfo[39m: [32mServer running on port 8000[39m
2025-04-18 12:50:47:5047 [32minfo[39m: [32mMongoDB Connected: ac-aozmc2l-shard-00-00.evqiglv.mongodb.net[39m
2025-04-18 12:52:39:5239 [32minfo[39m: [32mServer running on port 8000[39m
2025-04-18 12:52:46:5246 [32minfo[39m: [32mMongoDB Connected: ac-aozmc2l-shard-00-00.evqiglv.mongodb.net[39m
2025-04-18 12:57:44:5744 [32minfo[39m: [32mServer running on port 8000[39m
2025-04-18 12:57:54:5754 [32minfo[39m: [32mServer running on port 8000[39m
2025-04-18 12:57:56:5756 [32minfo[39m: [32mMongoDB Connected: ac-aozmc2l-shard-00-00.evqiglv.mongodb.net[39m
2025-04-18 13:00:53:053 [32minfo[39m: [32mServer running on port 8000[39m
2025-04-18 13:02:00:20 [32minfo[39m: [32mServer running on port 8000[39m
2025-04-18 13:02:14:214 [32minfo[39m: [32mServer running on port 8000[39m
2025-04-18 13:02:16:216 [32minfo[39m: [32mMongoDB Connected: ac-aozmc2l-shard-00-00.evqiglv.mongodb.net[39m
2025-04-18 13:02:31:231 [32minfo[39m: [32mServer running on port 8000[39m
2025-04-18 13:02:38:238 [32minfo[39m: [32mMongoDB Connected: ac-aozmc2l-shard-00-02.evqiglv.mongodb.net[39m
2025-04-18 13:03:05:35 [32minfo[39m: [32mServer running on port 8000[39m
2025-04-18 13:03:24:324 [32minfo[39m: [32mMongoDB Connected: ac-aozmc2l-shard-00-00.evqiglv.mongodb.net[39m
2025-04-18 13:04:27:427 [32minfo[39m: [32mServer running on port 8000[39m
2025-04-18 13:04:33:433 [32minfo[39m: [32mMongoDB Connected: ac-aozmc2l-shard-00-00.evqiglv.mongodb.net[39m
2025-04-18 13:05:10:510 [32minfo[39m: [32mServer running on port 8000[39m
2025-04-18 13:05:26:526 [32minfo[39m: [32mMongoDB Connected: ac-aozmc2l-shard-00-02.evqiglv.mongodb.net[39m
2025-04-18 13:19:50:1950 [32minfo[39m: [32mServer running on port 8000[39m
2025-04-18 13:19:59:1959 [32minfo[39m: [32mMongoDB Connected: ac-aozmc2l-shard-00-00.evqiglv.mongodb.net[39m
2025-04-18 13:35:37:3537 [32minfo[39m: [32mServer running on port 8000[39m
2025-04-18 13:35:49:3549 [32minfo[39m: [32mMongoDB Connected: ac-aozmc2l-shard-00-00.evqiglv.mongodb.net[39m
2025-04-18 14:05:52:552 [32minfo[39m: [32mServer running on port 8000[39m
2025-04-18 14:05:59:559 [32minfo[39m: [32mMongoDB Connected: ac-aozmc2l-shard-00-00.evqiglv.mongodb.net[39m
2025-04-18 14:07:40:740 [32minfo[39m: [32mServer running on port 8000[39m
2025-04-18 14:07:47:747 [32minfo[39m: [32mMongoDB Connected: ac-aozmc2l-shard-00-00.evqiglv.mongodb.net[39m
2025-04-18 14:18:19:1819 [32minfo[39m: [32mServer running on port 8000[39m
2025-04-18 14:18:27:1827 [32minfo[39m: [32mMongoDB Connected: ac-aozmc2l-shard-00-00.evqiglv.mongodb.net[39m
2025-04-18 14:20:37:2037 [32minfo[39m: [32mServer running on port 8000[39m
2025-04-18 14:20:47:2047 [32minfo[39m: [32mMongoDB Connected: ac-aozmc2l-shard-00-00.evqiglv.mongodb.net[39m
2025-04-18 14:31:47:3147 [32minfo[39m: [32mServer running on port 8000[39m
2025-04-18 14:31:55:3155 [32minfo[39m: [32mMongoDB Connected: ac-aozmc2l-shard-00-00.evqiglv.mongodb.net[39m
2025-04-18 14:32:23:3223 [32minfo[39m: [32mServer running on port 8000[39m
2025-04-18 14:32:30:3230 [32minfo[39m: [32mMongoDB Connected: ac-aozmc2l-shard-00-02.evqiglv.mongodb.net[39m
2025-04-18 14:42:08:428 [32minfo[39m: [32mServer running on port 8000[39m
2025-04-18 14:43:33:4333 [32minfo[39m: [32mMongoDB Connected: ac-aozmc2l-shard-00-00.evqiglv.mongodb.net[39m
2025-04-18 14:43:36:4336 [32minfo[39m: [32mUser templeaj was referred by user with ID 68025707509f2f6c3714bc6a[39m
2025-04-18 14:51:10:5110 [31merror[39m: [31mEmail sending error: queryAaaa ETIMEOUT smtp.example.com[39m
2025-04-18 14:51:10:5110 [31merror[39m: [31mFailed to send verification email: queryAaaa ETIMEOUT smtp.example.com[39m
2025-04-18 15:03:50:350 [32minfo[39m: [32mServer running on port 8000[39m
2025-04-18 15:03:58:358 [32minfo[39m: [32mMongoDB Connected: ac-aozmc2l-shard-00-00.evqiglv.mongodb.net[39m
2025-04-18 15:05:19:519 [32minfo[39m: [32mServer running on port 8000[39m
2025-04-18 15:05:29:529 [32minfo[39m: [32mMongoDB Connected: ac-aozmc2l-shard-00-00.evqiglv.mongodb.net[39m
2025-04-18 15:08:49:849 [32minfo[39m: [32mServer running on port 8000[39m
2025-04-18 15:08:58:858 [32minfo[39m: [32mMongoDB Connected: ac-aozmc2l-shard-00-00.evqiglv.mongodb.net[39m
2025-04-18 15:18:33:1833 [32minfo[39m: [32mServer running on port 8000[39m
2025-04-18 15:18:45:1845 [32minfo[39m: [32mMongoDB Connected: ac-aozmc2l-shard-00-00.evqiglv.mongodb.net[39m
2025-04-18 15:56:14:5614 [32minfo[39m: [32mServer running on port 8000[39m
2025-04-18 15:57:05:575 [32minfo[39m: [32mServer running on port 8000[39m
2025-04-18 15:59:59:5959 [32minfo[39m: [32mServer running on port 8000[39m
2025-04-19 06:52:48:5248 [32minfo[39m: [32mServer running on port 8000[39m
2025-04-19 06:52:58:5258 [32minfo[39m: [32mMongoDB Connected: ac-aozmc2l-shard-00-00.evqiglv.mongodb.net[39m
2025-04-19 06:55:50:5550 [32minfo[39m: [32mUser templeajuzie was referred by user with ID 68033ae51be42dd11069a73a[39m
2025-04-19 06:59:25:5925 [32minfo[39m: [32mServer running on port 8000[39m
2025-04-19 06:59:32:5932 [32minfo[39m: [32mMongoDB Connected: ac-aozmc2l-shard-00-00.evqiglv.mongodb.net[39m
2025-04-19 07:04:01:41 [32minfo[39m: [32mUser templeajuzie was referred by user with ID 68033cd1e804d3d34af4cca6[39m
2025-04-19 07:11:32:1132 [31merror[39m: [31mEmail sending error: queryAaaa ETIMEOUT smtp.example.com[39m
2025-04-19 07:11:32:1132 [31merror[39m: [31mFailed to send verification email: queryAaaa ETIMEOUT smtp.example.com[39m
2025-04-19 07:11:54:1154 [32minfo[39m: [32mServer running on port 8000[39m
2025-04-19 07:12:01:121 [32minfo[39m: [32mMongoDB Connected: ac-aozmc2l-shard-00-00.evqiglv.mongodb.net[39m
2025-04-19 07:13:25:1325 [32minfo[39m: [32mServer running on port 8000[39m
2025-04-19 07:13:32:1332 [32minfo[39m: [32mMongoDB Connected: ac-aozmc2l-shard-00-00.evqiglv.mongodb.net[39m
2025-04-19 07:14:28:1428 [32minfo[39m: [32mEmail sent to templeajuzie@gmail.com[39m
2025-04-19 07:15:55:1555 [32minfo[39m: [32mServer running on port 8000[39m
2025-04-19 07:16:02:162 [32minfo[39m: [32mMongoDB Connected: ac-aozmc2l-shard-00-00.evqiglv.mongodb.net[39m
2025-04-19 07:31:24:3124 [31merror[39m: [31mJWT verification error: invalid signature[39m
2025-04-19 13:55:19:5519 [32minfo[39m: [32mServer running on port 8000[39m
2025-04-19 13:55:26:5526 [32minfo[39m: [32mMongoDB Connected: ac-aozmc2l-shard-00-00.evqiglv.mongodb.net[39m
2025-04-19 14:27:13:2713 [32minfo[39m: [32mServer running on port 8000[39m
2025-04-19 14:27:23:2723 [32minfo[39m: [32mMongoDB Connected: ac-aozmc2l-shard-00-00.evqiglv.mongodb.net[39m
2025-04-19 14:33:26:3326 [32minfo[39m: [32mServer running on port 8000[39m
2025-04-19 14:33:40:3340 [32minfo[39m: [32mServer running on port 8000[39m
2025-04-19 14:33:56:3356 [32minfo[39m: [32mMongoDB Connected: ac-aozmc2l-shard-00-00.evqiglv.mongodb.net[39m
2025-04-19 14:34:18:3418 [32minfo[39m: [32mServer running on port 8000[39m
2025-04-19 14:34:34:3434 [32minfo[39m: [32mServer running on port 8000[39m
2025-04-19 14:34:36:3436 [32minfo[39m: [32mMongoDB Connected: ac-aozmc2l-shard-00-00.evqiglv.mongodb.net[39m
2025-04-19 14:40:02:402 [32minfo[39m: [32mServer running on port 8000[39m
2025-04-19 14:40:11:4011 [32minfo[39m: [32mMongoDB Connected: ac-aozmc2l-shard-00-00.evqiglv.mongodb.net[39m
2025-04-19 15:06:51:651 [32minfo[39m: [32mEmail sent to kliptolite@gmail.com[39m
2025-04-19 18:31:49:3149 [32minfo[39m: [32mServer running on port 8000[39m
2025-04-19 18:32:04:324 [32minfo[39m: [32mMongoDB Connected: ac-aozmc2l-shard-00-00.evqiglv.mongodb.net[39m
2025-04-19 21:01:33:133 [32minfo[39m: [32mServer running on port 8000[39m
2025-04-19 21:01:44:144 [32minfo[39m: [32mServer running on port 8000[39m
2025-04-19 21:01:44:144 [31merror[39m: [31mError connecting to MongoDB: querySrv ECONNREFUSED _mongodb._tcp.cluster0.evqiglv.mongodb.net[39m
2025-04-19 21:02:50:250 [32minfo[39m: [32mServer running on port 8000[39m
2025-04-19 21:02:52:252 [32minfo[39m: [32mMongoDB Connected: ac-aozmc2l-shard-00-02.evqiglv.mongodb.net[39m
2025-04-19 21:03:39:339 [32minfo[39m: [32mServer running on port 8000[39m
2025-04-19 21:03:41:341 [32minfo[39m: [32mMongoDB Connected: ac-aozmc2l-shard-00-02.evqiglv.mongodb.net[39m
2025-04-19 21:03:53:353 [32minfo[39m: [32mServer running on port 8000[39m
2025-04-19 21:03:55:355 [32minfo[39m: [32mMongoDB Connected: ac-aozmc2l-shard-00-02.evqiglv.mongodb.net[39m
2025-04-19 21:16:37:1637 [32minfo[39m: [32mServer running on port 8000[39m
2025-04-19 21:16:40:1640 [32minfo[39m: [32mMongoDB Connected: ac-aozmc2l-shard-00-00.evqiglv.mongodb.net[39m
2025-04-19 21:21:16:2116 [32minfo[39m: [32mServer running on port 8000[39m
2025-04-19 21:21:18:2118 [32minfo[39m: [32mMongoDB Connected: ac-aozmc2l-shard-00-02.evqiglv.mongodb.net[39m
2025-04-19 21:21:34:2134 [32minfo[39m: [32mServer running on port 8000[39m
2025-04-19 21:21:54:2154 [32minfo[39m: [32mServer running on port 8000[39m
2025-04-19 21:22:16:2216 [32minfo[39m: [32mServer running on port 8000[39m
2025-04-19 21:22:17:2217 [32minfo[39m: [32mMongoDB Connected: ac-aozmc2l-shard-00-02.evqiglv.mongodb.net[39m
2025-04-19 21:22:33:2233 [32minfo[39m: [32mServer running on port 8000[39m
2025-04-19 21:22:46:2246 [32minfo[39m: [32mServer running on port 8000[39m
2025-04-19 21:22:48:2248 [32minfo[39m: [32mMongoDB Connected: ac-aozmc2l-shard-00-00.evqiglv.mongodb.net[39m
2025-04-19 21:23:50:2350 [32minfo[39m: [32mServer running on port 8000[39m
2025-04-19 21:23:52:2352 [32minfo[39m: [32mMongoDB Connected: ac-aozmc2l-shard-00-00.evqiglv.mongodb.net[39m
2025-04-19 21:24:05:245 [32minfo[39m: [32mServer running on port 8000[39m
2025-04-19 21:24:17:2417 [32minfo[39m: [32mServer running on port 8000[39m
2025-04-19 21:24:19:2419 [32minfo[39m: [32mMongoDB Connected: ac-aozmc2l-shard-00-02.evqiglv.mongodb.net[39m
2025-04-19 21:24:33:2433 [32minfo[39m: [32mServer running on port 8000[39m
2025-04-19 21:24:35:2435 [32minfo[39m: [32mMongoDB Connected: ac-aozmc2l-shard-00-02.evqiglv.mongodb.net[39m
2025-04-19 21:25:53:2553 [32minfo[39m: [32mServer running on port 8000[39m
2025-04-19 21:25:55:2555 [32minfo[39m: [32mMongoDB Connected: ac-aozmc2l-shard-00-01.evqiglv.mongodb.net[39m
2025-04-19 21:26:26:2626 [32minfo[39m: [32mServer running on port 8000[39m
2025-04-19 21:26:27:2627 [32minfo[39m: [32mMongoDB Connected: ac-aozmc2l-shard-00-01.evqiglv.mongodb.net[39m
2025-04-19 21:27:26:2726 [32minfo[39m: [32mServer running on port 8000[39m
2025-04-19 21:27:28:2728 [32minfo[39m: [32mMongoDB Connected: ac-aozmc2l-shard-00-02.evqiglv.mongodb.net[39m
2025-04-19 21:27:45:2745 [32minfo[39m: [32mServer running on port 8000[39m
2025-04-19 21:27:47:2747 [32minfo[39m: [32mMongoDB Connected: ac-aozmc2l-shard-00-02.evqiglv.mongodb.net[39m
2025-04-19 21:29:29:2929 [32minfo[39m: [32mServer running on port 8000[39m
2025-04-19 21:29:31:2931 [32minfo[39m: [32mMongoDB Connected: ac-aozmc2l-shard-00-01.evqiglv.mongodb.net[39m
2025-04-19 22:12:34:1234 [32minfo[39m: [32mServer running on port 8000[39m
2025-04-19 22:12:37:1237 [32minfo[39m: [32mMongoDB Connected: ac-aozmc2l-shard-00-00.evqiglv.mongodb.net[39m
2025-04-19 22:17:32:1732 [32minfo[39m: [32mEmail sent to templeajuzie@gmail.com[39m
2025-04-19 22:19:07:197 [31merror[39m: [31mJWT verification error: jwt expired[39m
2025-04-19 22:22:07:227 [32minfo[39m: [32mServer running on port 8000[39m
2025-04-19 22:22:09:229 [32minfo[39m: [32mMongoDB Connected: ac-aozmc2l-shard-00-01.evqiglv.mongodb.net[39m
2025-04-19 22:25:47:2547 [32minfo[39m: [32mServer running on port 8000[39m
2025-04-19 22:25:50:2550 [32minfo[39m: [32mMongoDB Connected: ac-aozmc2l-shard-00-02.evqiglv.mongodb.net[39m
2025-04-19 22:26:41:2641 [32minfo[39m: [32mServer running on port 8000[39m
2025-04-19 22:26:44:2644 [32minfo[39m: [32mMongoDB Connected: ac-aozmc2l-shard-00-02.evqiglv.mongodb.net[39m
2025-04-19 22:28:42:2842 [32minfo[39m: [32mServer running on port 8000[39m
2025-04-19 22:28:45:2845 [32minfo[39m: [32mMongoDB Connected: ac-aozmc2l-shard-00-02.evqiglv.mongodb.net[39m
2025-04-19 22:46:42:4642 [32minfo[39m: [32mServer running on port 8000[39m
2025-04-19 22:46:47:4647 [32minfo[39m: [32mMongoDB Connected: ac-aozmc2l-shard-00-01.evqiglv.mongodb.net[39m
2025-04-19 22:47:32:4732 [32minfo[39m: [32mServer running on port 8000[39m
2025-04-19 22:47:43:4743 [32minfo[39m: [32mMongoDB Connected: ac-aozmc2l-shard-00-01.evqiglv.mongodb.net[39m
2025-04-19 22:48:01:481 [31merror[39m: [31mJWT verification error: jwt expired[39m
2025-04-19 22:49:28:4928 [32minfo[39m: [32mServer running on port 8000[39m
2025-04-19 22:49:43:4943 [32minfo[39m: [32mMongoDB Connected: ac-aozmc2l-shard-00-02.evqiglv.mongodb.net[39m
2025-04-19 22:51:08:518 [32minfo[39m: [32mServer running on port 8000[39m
2025-04-19 22:51:14:5114 [32minfo[39m: [32mMongoDB Connected: ac-aozmc2l-shard-00-01.evqiglv.mongodb.net[39m
2025-04-19 23:35:05:355 [32minfo[39m: [32mServer running on port 8000[39m
2025-04-19 23:35:10:3510 [32minfo[39m: [32mMongoDB Connected: ac-aozmc2l-shard-00-01.evqiglv.mongodb.net[39m
2025-04-19 23:35:27:3527 [32minfo[39m: [32mEmail sent to kliptolite@gmail.com[39m
2025-04-19 23:36:48:3648 [31merror[39m: [31mJWT verification error: jwt expired[39m
2025-04-19 23:40:48:4048 [32minfo[39m: [32mServer running on port 8000[39m
2025-04-19 23:40:55:4055 [32minfo[39m: [32mMongoDB Connected: ac-aozmc2l-shard-00-02.evqiglv.mongodb.net[39m
2025-04-19 23:41:12:4112 [32minfo[39m: [32mServer running on port 8000[39m
2025-04-19 23:42:04:424 [32minfo[39m: [32mServer running on port 8000[39m
2025-04-19 23:42:34:4234 [31merror[39m: [31mError connecting to MongoDB: Could not connect to any servers in your MongoDB Atlas cluster. One common reason is that you're trying to access the database from an IP that isn't whitelisted. Make sure your current IP address is on your Atlas cluster's IP whitelist: https://www.mongodb.com/docs/atlas/security-whitelist/[39m
2025-04-19 23:45:32:4532 [32minfo[39m: [32mServer running on port 8000[39m
2025-04-19 23:46:02:462 [31merror[39m: [31mError connecting to MongoDB: querySrv ESERVFAIL _mongodb._tcp.cluster0.evqiglv.mongodb.net[39m
2025-04-20 05:25:41:2541 [32minfo[39m: [32mServer running on port 8000[39m
2025-04-20 05:25:44:2544 [32minfo[39m: [32mMongoDB Connected: ac-aozmc2l-shard-00-02.evqiglv.mongodb.net[39m
2025-04-20 05:26:11:2611 [32minfo[39m: [32mEmail sent to templeajuzie@gmail.com[39m
2025-04-20 05:27:09:279 [31merror[39m: [31mJWT verification error: jwt expired[39m
2025-04-20 05:29:46:2946 [32minfo[39m: [32mServer running on port 8000[39m
2025-04-20 05:29:48:2948 [32minfo[39m: [32mMongoDB Connected: ac-aozmc2l-shard-00-02.evqiglv.mongodb.net[39m
2025-04-20 05:42:46:4246 [32minfo[39m: [32mEmail sent to kliptolite@gmail.com[39m
2025-04-20 05:43:43:4343 [31merror[39m: [31mJWT verification error: jwt expired[39m
2025-04-20 05:51:00:510 [32minfo[39m: [32mServer running on port 8000[39m
2025-04-20 05:51:02:512 [32minfo[39m: [32mMongoDB Connected: ac-aozmc2l-shard-00-00.evqiglv.mongodb.net[39m
2025-04-20 05:58:06:586 [32minfo[39m: [32mServer running on port 8000[39m
2025-04-20 05:58:08:588 [32minfo[39m: [32mMongoDB Connected: ac-aozmc2l-shard-00-00.evqiglv.mongodb.net[39m
2025-04-20 15:49:52:4952 [32minfo[39m: [32mServer running on port 8000[39m
2025-04-20 15:51:51:5151 [32minfo[39m: [32mMongoDB Connected: ac-aozmc2l-shard-00-00.evqiglv.mongodb.net[39m
2025-04-20 15:53:06:536 [32minfo[39m: [32mServer running on port 8000[39m
2025-04-20 15:55:38:5538 [31merror[39m: [31mError connecting to MongoDB: querySrv ETIMEOUT _mongodb._tcp.cluster0.evqiglv.mongodb.net[39m
2025-04-20 15:58:21:5821 [32minfo[39m: [32mServer running on port 8000[39m
2025-04-20 15:58:30:5830 [32minfo[39m: [32mMongoDB Connected: ac-aozmc2l-shard-00-00.evqiglv.mongodb.net[39m
2025-04-20 16:03:58:358 [32minfo[39m: [32mEmail sent to kliptolite@gmail.com[39m
2025-04-20 16:04:01:41 [31merror[39m: [31mJWT generation error: "expiresIn" should be a number of seconds or string representing a timespan[39m
2025-04-20 16:08:56:856 [32minfo[39m: [32mServer running on port 8000[39m
2025-04-20 16:09:06:96 [32minfo[39m: [32mMongoDB Connected: ac-aozmc2l-shard-00-00.evqiglv.mongodb.net[39m
2025-04-20 16:09:37:937 [32minfo[39m: [32mServer running on port 8000[39m
2025-04-20 16:09:54:954 [32minfo[39m: [32mServer running on port 8000[39m
2025-04-20 16:10:34:1034 [32minfo[39m: [32mServer running on port 8000[39m
2025-04-20 16:10:42:1042 [32minfo[39m: [32mMongoDB Connected: ac-aozmc2l-shard-00-00.evqiglv.mongodb.net[39m
2025-04-20 16:11:49:1149 [32minfo[39m: [32mEmail sent to kliptolite@gmail.com[39m
2025-04-20 16:11:50:1150 [31merror[39m: [31mJWT generation error: "expiresIn" should be a number of seconds or string representing a timespan[39m
2025-04-20 16:16:16:1616 [32minfo[39m: [32mServer running on port 8000[39m
2025-04-20 16:16:24:1624 [32minfo[39m: [32mMongoDB Connected: ac-aozmc2l-shard-00-00.evqiglv.mongodb.net[39m
2025-04-20 16:20:01:201 [32minfo[39m: [32mServer running on port 8000[39m
2025-04-20 16:20:08:208 [32minfo[39m: [32mMongoDB Connected: ac-aozmc2l-shard-00-00.evqiglv.mongodb.net[39m
2025-04-20 16:22:03:223 [32minfo[39m: [32mServer running on port 8000[39m
2025-04-20 16:22:10:2210 [32minfo[39m: [32mMongoDB Connected: ac-aozmc2l-shard-00-00.evqiglv.mongodb.net[39m
2025-04-20 16:28:11:2811 [32minfo[39m: [32mServer running on port 8000[39m
2025-04-20 16:28:18:2818 [32minfo[39m: [32mMongoDB Connected: ac-aozmc2l-shard-00-00.evqiglv.mongodb.net[39m
2025-04-20 16:40:27:4027 [32minfo[39m: [32mServer running on port 8000[39m
2025-04-20 16:40:57:4057 [31merror[39m: [31mError connecting to MongoDB: querySrv ESERVFAIL _mongodb._tcp.cluster0.evqiglv.mongodb.net[39m
2025-04-20 16:43:29:4329 [32minfo[39m: [32mServer running on port 8000[39m
2025-04-20 16:43:32:4332 [32minfo[39m: [32mMongoDB Connected: ac-aozmc2l-shard-00-02.evqiglv.mongodb.net[39m
2025-04-20 16:46:37:4637 [32minfo[39m: [32mServer running on port 8000[39m
2025-04-20 16:46:39:4639 [32minfo[39m: [32mMongoDB Connected: ac-aozmc2l-shard-00-00.evqiglv.mongodb.net[39m
2025-04-20 16:47:27:4727 [32minfo[39m: [32mEmail sent to kliptolite@gmail.com[39m
2025-04-20 16:48:00:480 [31merror[39m: [31mJWT verification error: jwt expired[39m
2025-04-20 16:57:06:576 [32minfo[39m: [32mServer running on port 8000[39m
2025-04-20 16:57:08:578 [32minfo[39m: [32mMongoDB Connected: ac-aozmc2l-shard-00-02.evqiglv.mongodb.net[39m
2025-04-20 16:57:55:5755 [32minfo[39m: [32mServer running on port 8000[39m
2025-04-20 16:57:57:5757 [32minfo[39m: [32mMongoDB Connected: ac-aozmc2l-shard-00-02.evqiglv.mongodb.net[39m
2025-04-20 16:59:21:5921 [32minfo[39m: [32mEmail sent to kliptolite@gmail.com[39m
2025-04-20 17:00:25:025 [32minfo[39m: [32mServer running on port 8000[39m
2025-04-20 17:00:27:027 [32minfo[39m: [32mMongoDB Connected: ac-aozmc2l-shard-00-01.evqiglv.mongodb.net[39m
2025-04-20 17:01:32:132 [31merror[39m: [31mJWT verification error: jwt expired[39m
2025-04-20 17:10:02:102 [31merror[39m: [31mEmail sending error: Client network socket disconnected before secure TLS connection was established[39m
2025-04-20 17:10:02:102 [31merror[39m: [31mEmail error: Client network socket disconnected before secure TLS connection was established[39m
2025-04-20 17:16:08:168 [32minfo[39m: [32mServer running on port 8000[39m
2025-04-20 17:16:10:1610 [32minfo[39m: [32mMongoDB Connected: ac-aozmc2l-shard-00-00.evqiglv.mongodb.net[39m
2025-04-20 17:18:18:1818 [31merror[39m: [31mJWT verification error: jwt expired[39m
2025-04-20 17:23:05:235 [32minfo[39m: [32mServer running on port 8000[39m
2025-04-20 17:23:15:2315 [32minfo[39m: [32mMongoDB Connected: ac-aozmc2l-shard-00-02.evqiglv.mongodb.net[39m
2025-04-20 17:35:18:3518 [32minfo[39m: [32mServer running on port 8000[39m
2025-04-20 17:35:21:3521 [32minfo[39m: [32mMongoDB Connected: ac-aozmc2l-shard-00-01.evqiglv.mongodb.net[39m
2025-04-20 17:37:31:3731 [32minfo[39m: [32mServer running on port 8000[39m
2025-04-20 17:37:32:3732 [32minfo[39m: [32mMongoDB Connected: ac-aozmc2l-shard-00-01.evqiglv.mongodb.net[39m
2025-04-20 17:38:18:3818 [32minfo[39m: [32mServer running on port 8000[39m
2025-04-20 17:38:20:3820 [32minfo[39m: [32mMongoDB Connected: ac-aozmc2l-shard-00-01.evqiglv.mongodb.net[39m
2025-04-20 17:39:07:397 [32minfo[39m: [32mServer running on port 8000[39m
2025-04-20 17:39:09:399 [32minfo[39m: [32mMongoDB Connected: ac-aozmc2l-shard-00-00.evqiglv.mongodb.net[39m
2025-04-20 17:40:33:4033 [31merror[39m: [31mJWT verification error: jwt expired[39m
2025-04-20 17:42:53:4253 [31merror[39m: [31mJWT verification error: jwt expired[39m
2025-04-20 17:45:26:4526 [32minfo[39m: [32mServer running on port 8000[39m
2025-04-20 17:45:28:4528 [32minfo[39m: [32mMongoDB Connected: ac-aozmc2l-shard-00-01.evqiglv.mongodb.net[39m
2025-04-20 17:49:09:499 [32minfo[39m: [32mServer running on port 8000[39m
2025-04-20 17:49:22:4922 [32minfo[39m: [32mServer running on port 8000[39m
2025-04-20 17:49:28:4928 [31merror[39m: [31mJWT verification error: jwt expired[39m
2025-04-20 17:49:45:4945 [31merror[39m: [31mJWT verification error: jwt expired[39m
2025-04-20 17:49:59:4959 [31merror[39m: [31mError connecting to MongoDB: Could not connect to any servers in your MongoDB Atlas cluster. One common reason is that you're trying to access the database from an IP that isn't whitelisted. Make sure your current IP address is on your Atlas cluster's IP whitelist: https://www.mongodb.com/docs/atlas/security-whitelist/[39m
2025-04-20 17:52:16:5216 [32minfo[39m: [32mServer running on port 8000[39m
2025-04-20 17:53:12:5312 [32minfo[39m: [32mMongoDB Connected: ac-aozmc2l-shard-00-01.evqiglv.mongodb.net[39m
2025-04-20 17:58:26:5826 [32minfo[39m: [32mEmail sent to kliptolite@gmail.com[39m
2025-04-20 18:08:10:810 [32minfo[39m: [32mServer running on port 8000[39m
2025-04-20 18:08:37:837 [32minfo[39m: [32mServer running on port 8000[39m
2025-04-20 18:08:39:839 [32minfo[39m: [32mMongoDB Connected: ac-aozmc2l-shard-00-00.evqiglv.mongodb.net[39m
2025-04-20 18:22:46:2246 [31merror[39m: [31mJWT verification error: jwt expired[39m
2025-04-20 18:34:35:3435 [32minfo[39m: [32mServer running on port 8000[39m
2025-04-20 18:34:37:3437 [32minfo[39m: [32mMongoDB Connected: ac-aozmc2l-shard-00-01.evqiglv.mongodb.net[39m
2025-04-20 18:35:45:3545 [32minfo[39m: [32mServer running on port 8000[39m
2025-04-20 18:35:49:3549 [32minfo[39m: [32mMongoDB Connected: ac-aozmc2l-shard-00-01.evqiglv.mongodb.net[39m
2025-04-20 18:36:21:3621 [32minfo[39m: [32mServer running on port 8000[39m
2025-04-20 18:36:32:3632 [32minfo[39m: [32mServer running on port 8000[39m
2025-04-20 18:36:35:3635 [32minfo[39m: [32mMongoDB Connected: ac-aozmc2l-shard-00-00.evqiglv.mongodb.net[39m
2025-04-20 18:36:56:3656 [32minfo[39m: [32mServer running on port 8000[39m
2025-04-20 18:37:00:370 [32minfo[39m: [32mMongoDB Connected: ac-aozmc2l-shard-00-00.evqiglv.mongodb.net[39m
2025-04-20 18:37:26:3726 [32minfo[39m: [32mServer running on port 8000[39m
2025-04-20 18:37:30:3730 [32minfo[39m: [32mMongoDB Connected: ac-aozmc2l-shard-00-00.evqiglv.mongodb.net[39m
2025-04-20 18:59:03:593 [32minfo[39m: [32mServer running on port 8000[39m
2025-04-20 18:59:05:595 [32minfo[39m: [32mMongoDB Connected: ac-aozmc2l-shard-00-00.evqiglv.mongodb.net[39m
2025-04-20 18:59:17:5917 [32minfo[39m: [32mEmail sent to kliptolite@gmail.com[39m
2025-04-20 18:59:54:5954 [32minfo[39m: [32mEmail sent to kliptolite@gmail.com[39m
2025-04-20 19:17:46:1746 [32minfo[39m: [32mServer running on port 8000[39m
2025-04-20 19:18:07:187 [32minfo[39m: [32mMongoDB Connected: ac-aozmc2l-shard-00-01.evqiglv.mongodb.net[39m
2025-04-20 19:19:44:1944 [32minfo[39m: [32mServer running on port 8000[39m
2025-04-20 19:20:22:2022 [32minfo[39m: [32mMongoDB Connected: ac-aozmc2l-shard-00-00.evqiglv.mongodb.net[39m
2025-04-20 19:21:17:2117 [32minfo[39m: [32mServer running on port 8000[39m
2025-04-20 19:21:30:2130 [32minfo[39m: [32mServer running on port 8000[39m
2025-04-20 19:21:32:2132 [32minfo[39m: [32mMongoDB Connected: ac-aozmc2l-shard-00-01.evqiglv.mongodb.net[39m
2025-04-20 19:22:16:2216 [32minfo[39m: [32mServer running on port 8000[39m
2025-04-20 19:22:18:2218 [32minfo[39m: [32mMongoDB Connected: ac-aozmc2l-shard-00-01.evqiglv.mongodb.net[39m
2025-04-20 19:23:26:2326 [32minfo[39m: [32mServer running on port 8000[39m
2025-04-20 19:23:55:2355 [32minfo[39m: [32mServer running on port 8000[39m
2025-04-20 19:23:59:2359 [32minfo[39m: [32mMongoDB Connected: ac-aozmc2l-shard-00-00.evqiglv.mongodb.net[39m
2025-04-20 19:29:41:2941 [32minfo[39m: [32mServer running on port 8000[39m
2025-04-20 19:29:43:2943 [32minfo[39m: [32mMongoDB Connected: ac-aozmc2l-shard-00-02.evqiglv.mongodb.net[39m
2025-04-20 19:30:27:3027 [32minfo[39m: [32mServer running on port 8000[39m
2025-04-20 19:30:30:3030 [32minfo[39m: [32mMongoDB Connected: ac-aozmc2l-shard-00-02.evqiglv.mongodb.net[39m
2025-04-20 19:31:32:3132 [32minfo[39m: [32mServer running on port 8000[39m
2025-04-20 19:31:34:3134 [32minfo[39m: [32mMongoDB Connected: ac-aozmc2l-shard-00-01.evqiglv.mongodb.net[39m
2025-04-20 19:46:04:464 [32minfo[39m: [32mServer running on port 8000[39m
2025-04-20 19:46:06:466 [32minfo[39m: [32mMongoDB Connected: ac-aozmc2l-shard-00-01.evqiglv.mongodb.net[39m
2025-04-20 19:48:08:488 [32minfo[39m: [32mServer running on port 8000[39m
2025-04-20 19:48:10:4810 [32minfo[39m: [32mMongoDB Connected: ac-aozmc2l-shard-00-01.evqiglv.mongodb.net[39m
2025-04-20 19:54:45:5445 [32minfo[39m: [32mServer running on port 8000[39m
2025-04-20 19:54:47:5447 [32minfo[39m: [32mMongoDB Connected: ac-aozmc2l-shard-00-02.evqiglv.mongodb.net[39m
2025-04-20 19:55:00:550 [32minfo[39m: [32mServer running on port 8000[39m
2025-04-20 19:55:02:552 [32minfo[39m: [32mMongoDB Connected: ac-aozmc2l-shard-00-02.evqiglv.mongodb.net[39m
2025-04-20 19:55:48:5548 [32minfo[39m: [32mServer running on port 8000[39m
2025-04-20 19:55:50:5550 [32minfo[39m: [32mMongoDB Connected: ac-aozmc2l-shard-00-02.evqiglv.mongodb.net[39m
2025-04-20 19:56:02:562 [32minfo[39m: [32mServer running on port 8000[39m
2025-04-20 19:56:03:563 [32minfo[39m: [32mMongoDB Connected: ac-aozmc2l-shard-00-02.evqiglv.mongodb.net[39m
2025-04-20 19:56:49:5649 [32minfo[39m: [32mServer running on port 8000[39m
2025-04-20 19:56:50:5650 [32minfo[39m: [32mMongoDB Connected: ac-aozmc2l-shard-00-01.evqiglv.mongodb.net[39m
2025-04-20 19:56:59:5659 [32minfo[39m: [32mServer running on port 8000[39m
2025-04-20 19:57:01:571 [32minfo[39m: [32mMongoDB Connected: ac-aozmc2l-shard-00-01.evqiglv.mongodb.net[39m
2025-04-20 20:00:55:055 [32minfo[39m: [32mServer running on port 8000[39m
2025-04-20 20:00:57:057 [32minfo[39m: [32mMongoDB Connected: ac-aozmc2l-shard-00-00.evqiglv.mongodb.net[39m
2025-04-20 20:09:11:911 [32minfo[39m: [32mServer running on port 8000[39m
2025-04-20 20:09:13:913 [32minfo[39m: [32mMongoDB Connected: ac-aozmc2l-shard-00-02.evqiglv.mongodb.net[39m
2025-04-20 20:10:20:1020 [32minfo[39m: [32mServer running on port 8000[39m
2025-04-20 20:10:22:1022 [32minfo[39m: [32mMongoDB Connected: ac-aozmc2l-shard-00-02.evqiglv.mongodb.net[39m
2025-04-20 20:10:32:1032 [32minfo[39m: [32mServer running on port 8000[39m
2025-04-20 20:10:35:1035 [32minfo[39m: [32mMongoDB Connected: ac-aozmc2l-shard-00-01.evqiglv.mongodb.net[39m
2025-04-20 20:10:49:1049 [32minfo[39m: [32mServer running on port 8000[39m
2025-04-20 20:10:52:1052 [32minfo[39m: [32mMongoDB Connected: ac-aozmc2l-shard-00-01.evqiglv.mongodb.net[39m
2025-04-20 20:11:30:1130 [32minfo[39m: [32mServer running on port 8000[39m
2025-04-20 20:11:32:1132 [32minfo[39m: [32mMongoDB Connected: ac-aozmc2l-shard-00-01.evqiglv.mongodb.net[39m
2025-04-20 20:12:57:1257 [32minfo[39m: [32mServer running on port 8000[39m
2025-04-20 20:13:00:130 [32minfo[39m: [32mMongoDB Connected: ac-aozmc2l-shard-00-02.evqiglv.mongodb.net[39m
2025-04-20 20:13:25:1325 [32minfo[39m: [32mServer running on port 8000[39m
2025-04-20 20:13:27:1327 [32minfo[39m: [32mMongoDB Connected: ac-aozmc2l-shard-00-02.evqiglv.mongodb.net[39m
2025-04-20 20:15:01:151 [32minfo[39m: [32mServer running on port 8000[39m
2025-04-20 20:15:04:154 [32minfo[39m: [32mMongoDB Connected: ac-aozmc2l-shard-00-02.evqiglv.mongodb.net[39m
2025-04-20 20:15:16:1516 [32minfo[39m: [32mServer running on port 8000[39m
2025-04-20 20:15:19:1519 [32minfo[39m: [32mMongoDB Connected: ac-aozmc2l-shard-00-02.evqiglv.mongodb.net[39m
2025-04-20 20:15:53:1553 [32minfo[39m: [32mServer running on port 8000[39m
2025-04-20 20:16:07:167 [32minfo[39m: [32mServer running on port 8000[39m
2025-04-20 20:16:09:169 [32minfo[39m: [32mMongoDB Connected: ac-aozmc2l-shard-00-02.evqiglv.mongodb.net[39m
2025-04-20 20:16:19:1619 [32minfo[39m: [32mServer running on port 8000[39m
2025-04-20 20:16:24:1624 [32minfo[39m: [32mMongoDB Connected: ac-aozmc2l-shard-00-00.evqiglv.mongodb.net[39m
2025-04-20 20:17:05:175 [32minfo[39m: [32mEmail sent to kliptolite@gmail.com[39m
2025-04-20 20:19:50:1950 [32minfo[39m: [32mServer running on port 8000[39m
2025-04-20 20:19:55:1955 [32minfo[39m: [32mMongoDB Connected: ac-aozmc2l-shard-00-02.evqiglv.mongodb.net[39m
2025-04-20 20:22:03:223 [32minfo[39m: [32mServer running on port 8000[39m
2025-04-20 20:22:10:2210 [32minfo[39m: [32mMongoDB Connected: ac-aozmc2l-shard-00-00.evqiglv.mongodb.net[39m
2025-04-20 20:48:54:4854 [32minfo[39m: [32mEmail sent to kliptolite@gmail.com[39m
2025-04-20 21:01:02:12 [32minfo[39m: [32mEmail sent to kliptolite@gmail.com[39m
2025-04-20 21:09:19:919 [32minfo[39m: [32mServer running on port 8000[39m
2025-04-20 21:09:22:922 [32minfo[39m: [32mMongoDB Connected: ac-aozmc2l-shard-00-02.evqiglv.mongodb.net[39m
2025-04-20 21:12:14:1214 [32minfo[39m: [32mServer running on port 8000[39m
2025-04-20 21:12:23:1223 [32minfo[39m: [32mMongoDB Connected: ac-aozmc2l-shard-00-02.evqiglv.mongodb.net[39m
2025-04-20 21:22:02:222 [32minfo[39m: [32mServer running on port 8000[39m
2025-04-20 21:22:09:229 [32minfo[39m: [32mMongoDB Connected: ac-aozmc2l-shard-00-01.evqiglv.mongodb.net[39m
2025-04-20 21:22:53:2253 [32minfo[39m: [32mServer running on port 8000[39m
2025-04-20 21:22:56:2256 [32minfo[39m: [32mMongoDB Connected: ac-aozmc2l-shard-00-01.evqiglv.mongodb.net[39m
2025-04-20 21:23:29:2329 [32minfo[39m: [32mServer running on port 8000[39m
2025-04-20 21:23:31:2331 [32minfo[39m: [32mMongoDB Connected: ac-aozmc2l-shard-00-00.evqiglv.mongodb.net[39m
2025-04-20 21:24:40:2440 [32minfo[39m: [32mServer running on port 8000[39m
2025-04-20 21:24:43:2443 [32minfo[39m: [32mMongoDB Connected: ac-aozmc2l-shard-00-00.evqiglv.mongodb.net[39m
2025-04-21 14:57:58:5758 [32minfo[39m: [32mServer running on port 8000[39m
2025-04-21 14:58:22:5822 [32minfo[39m: [32mMongoDB Connected: ac-aozmc2l-shard-00-00.evqiglv.mongodb.net[39m
2025-04-21 15:10:44:1044 [32minfo[39m: [32mEmail sent to paulakai6000@gmail.com[39m
2025-04-21 16:32:15:3215 [31merror[39m: [31mAuth middleware error: getaddrinfo ENOTFOUND ac-aozmc2l-shard-00-02.evqiglv.mongodb.net[39m
2025-04-21 16:32:46:3246 [31merror[39m: [31mAuth middleware error: getaddrinfo ENOTFOUND ac-aozmc2l-shard-00-02.evqiglv.mongodb.net[39m
2025-04-21 16:33:47:3347 [32minfo[39m: [32mServer running on port 8000[39m
2025-04-21 16:34:00:340 [32minfo[39m: [32mMongoDB Connected: ac-aozmc2l-shard-00-00.evqiglv.mongodb.net[39m
2025-04-21 17:03:39:339 [32minfo[39m: [32mServer running on port 8000[39m
2025-04-21 17:03:47:347 [32minfo[39m: [32mMongoDB Connected: ac-aozmc2l-shard-00-00.evqiglv.mongodb.net[39m
2025-04-21 17:51:19:5119 [31merror[39m: [31mAuth middleware error: getaddrinfo ENOTFOUND ac-aozmc2l-shard-00-00.evqiglv.mongodb.net[39m
2025-04-21 18:10:13:1013 [32minfo[39m: [32mServer running on port 8000[39m
2025-04-21 18:10:46:1046 [32minfo[39m: [32mMongoDB Connected: ac-aozmc2l-shard-00-00.evqiglv.mongodb.net[39m
2025-04-21 18:21:20:2120 [32minfo[39m: [32mServer running on port 8000[39m
2025-04-21 18:21:27:2127 [32minfo[39m: [32mMongoDB Connected: ac-aozmc2l-shard-00-00.evqiglv.mongodb.net[39m
2025-04-22 06:38:56:3856 [32minfo[39m: [32mServer running on port 8000[39m
2025-04-22 06:39:10:3910 [32minfo[39m: [32mMongoDB Connected: ac-aozmc2l-shard-00-00.evqiglv.mongodb.net[39m
2025-04-22 07:22:14:2214 [32minfo[39m: [32mServer running on port 8000[39m
2025-04-22 07:22:26:2226 [32minfo[39m: [32mMongoDB Connected: ac-aozmc2l-shard-00-00.evqiglv.mongodb.net[39m
2025-04-22 07:24:12:2412 [32minfo[39m: [32mServer running on port 8000[39m
2025-04-22 07:24:24:2424 [32minfo[39m: [32mMongoDB Connected: ac-aozmc2l-shard-00-00.evqiglv.mongodb.net[39m
2025-04-22 07:24:40:2440 [32minfo[39m: [32mServer running on port 8000[39m
2025-04-22 07:24:47:2447 [32minfo[39m: [32mMongoDB Connected: ac-aozmc2l-shard-00-02.evqiglv.mongodb.net[39m
2025-04-22 07:25:03:253 [32minfo[39m: [32mServer running on port 8000[39m
2025-04-22 07:25:11:2511 [32minfo[39m: [32mMongoDB Connected: ac-aozmc2l-shard-00-00.evqiglv.mongodb.net[39m
2025-04-22 07:29:30:2930 [32minfo[39m: [32mEmail sent to esthington@gmail.com[39m
2025-04-22 08:06:49:649 [31merror[39m: [31mAuth middleware error: connection <monitor> to 65.62.2.180:27017 timed out[39m
2025-04-22 08:11:38:1138 [32minfo[39m: [32mServer running on port 8000[39m
2025-04-22 08:11:47:1147 [32minfo[39m: [32mMongoDB Connected: ac-aozmc2l-shard-00-00.evqiglv.mongodb.net[39m
2025-04-22 14:44:42:4442 [32minfo[39m: [32mServer running on port 8000[39m
2025-04-22 14:44:52:4452 [32minfo[39m: [32mMongoDB Connected: ac-aozmc2l-shard-00-00.evqiglv.mongodb.net[39m
2025-04-22 14:45:53:4553 [32minfo[39m: [32mServer running on port 8000[39m
2025-04-22 14:46:00:460 [32minfo[39m: [32mMongoDB Connected: ac-aozmc2l-shard-00-00.evqiglv.mongodb.net[39m
2025-04-22 16:42:05:425 [32minfo[39m: [32mServer running on port 8000[39m
2025-04-22 16:42:40:4240 [31merror[39m: [31mError connecting to MongoDB: getaddrinfo ENOTFOUND ac-aozmc2l-shard-00-02.evqiglv.mongodb.net[39m
2025-04-22 17:03:57:357 [32minfo[39m: [32mServer running on port 8000[39m
2025-04-22 17:04:05:45 [32minfo[39m: [32mMongoDB Connected: ac-aozmc2l-shard-00-00.evqiglv.mongodb.net[39m
2025-04-22 17:04:41:441 [32minfo[39m: [32mServer running on port 8000[39m
2025-04-22 17:04:57:457 [32minfo[39m: [32mServer running on port 8000[39m
2025-04-22 17:05:04:54 [32minfo[39m: [32mMongoDB Connected: ac-aozmc2l-shard-00-00.evqiglv.mongodb.net[39m
2025-04-22 17:05:15:515 [32minfo[39m: [32mServer running on port 8000[39m
2025-04-22 17:05:32:532 [32minfo[39m: [32mMongoDB Connected: ac-aozmc2l-shard-00-02.evqiglv.mongodb.net[39m
2025-04-22 17:20:45:2045 [32minfo[39m: [32mServer running on port 8000[39m
2025-04-22 17:22:10:2210 [32minfo[39m: [32mMongoDB Connected: ac-aozmc2l-shard-00-00.evqiglv.mongodb.net[39m
2025-04-23 09:58:48:5848 [32minfo[39m: [32mServer running on port 8000[39m
2025-04-23 09:59:24:5924 [32minfo[39m: [32mMongoDB Connected: ac-aozmc2l-shard-00-00.evqiglv.mongodb.net[39m
2025-04-23 13:53:57:5357 [32minfo[39m: [32mServer running on port 8000[39m
2025-04-23 13:53:59:5359 [32minfo[39m: [32mMongoDB Connected: ac-aozmc2l-shard-00-00.evqiglv.mongodb.net[39m
2025-04-23 14:25:35:2535 [32minfo[39m: [32mServer running on port 8000[39m
2025-04-23 14:25:37:2537 [32minfo[39m: [32mMongoDB Connected: ac-aozmc2l-shard-00-00.evqiglv.mongodb.net[39m
2025-04-23 15:47:05:475 [32minfo[39m: [32mServer running on port 8000[39m
2025-04-23 15:47:16:4716 [32minfo[39m: [32mMongoDB Connected: ac-aozmc2l-shard-00-00.evqiglv.mongodb.net[39m
2025-04-23 15:48:00:480 [32minfo[39m: [32mServer running on port 8000[39m
2025-04-23 15:48:07:487 [32minfo[39m: [32mMongoDB Connected: ac-aozmc2l-shard-00-02.evqiglv.mongodb.net[39m
2025-04-23 15:48:59:4859 [32minfo[39m: [32mServer running on port 8000[39m
2025-04-23 15:49:17:4917 [32minfo[39m: [32mServer running on port 8000[39m
2025-04-23 15:49:26:4926 [32minfo[39m: [32mMongoDB Connected: ac-aozmc2l-shard-00-02.evqiglv.mongodb.net[39m
2025-04-23 16:06:00:60 [32minfo[39m: [32mServer running on port 8000[39m
2025-04-23 16:06:14:614 [32minfo[39m: [32mMongoDB Connected: ac-aozmc2l-shard-00-00.evqiglv.mongodb.net[39m
2025-04-23 16:27:33:2733 [32minfo[39m: [32mServer running on port 8000[39m
2025-04-23 16:27:41:2741 [32minfo[39m: [32mMongoDB Connected: ac-aozmc2l-shard-00-00.evqiglv.mongodb.net[39m
2025-04-23 17:10:46:1046 [32minfo[39m: [32mServer running on port 8000[39m
2025-04-23 17:11:03:113 [32minfo[39m: [32mServer running on port 8000[39m
2025-04-23 17:11:19:1119 [32minfo[39m: [32mMongoDB Connected: ac-aozmc2l-shard-00-00.evqiglv.mongodb.net[39m
2025-04-23 18:05:28:528 [32minfo[39m: [32mServer running on port 8000[39m
