2025-04-12 22:51:46:5146 [31merror[39m: [31mError connecting to MongoDB: Could not connect to any servers in your MongoDB Atlas cluster. One common reason is that you're trying to access the database from an IP that isn't whitelisted. Make sure your current IP address is on your Atlas cluster's IP whitelist: https://www.mongodb.com/docs/atlas/security-whitelist/[39m
2025-04-13 21:29:20:2920 [31merror[39m: [31mError connecting to MongoDB: Connection to ac-aozmc2l-shard-00-01.evqiglv.mongodb.net:27017 interrupted due to server monitor timeout[39m
2025-04-16 13:27:38:2738 [31merror[39m: [31mError connecting to MongoDB: querySrv ECONNREFUSED _mongodb._tcp.cluster0.evqiglv.mongodb.net[39m
2025-04-16 13:41:01:411 [31merror[39m: [31mError connecting to MongoDB: querySrv ECONNREFUSED _mongodb._tcp.cluster0.evqiglv.mongodb.net[39m
2025-04-16 13:41:57:4157 [31merror[39m: [31mError connecting to MongoDB: querySrv ECONNREFUSED _mongodb._tcp.cluster0.evqiglv.mongodb.net[39m
2025-04-16 18:39:07:397 [31merror[39m: [31mError connecting to MongoDB: getaddrinfo ENOTFOUND ac-aozmc2l-shard-00-01.evqiglv.mongodb.net[39m
2025-04-18 11:45:04:454 [31merror[39m: [31mJWT verification error: invalid signature[39m
2025-04-18 14:51:10:5110 [31merror[39m: [31mEmail sending error: queryAaaa ETIMEOUT smtp.example.com[39m
2025-04-18 14:51:10:5110 [31merror[39m: [31mFailed to send verification email: queryAaaa ETIMEOUT smtp.example.com[39m
2025-04-18 15:56:14:5614 [31merror[39m: [31mError connecting to MongoDB: querySrv ECONNREFUSED _mongodb._tcp.cluster0.evqiglv.mongodb.net[39m
2025-04-18 15:57:05:575 [31merror[39m: [31mError connecting to MongoDB: querySrv ECONNREFUSED _mongodb._tcp.cluster0.evqiglv.mongodb.net[39m
2025-04-18 15:59:59:5959 [31merror[39m: [31mError connecting to MongoDB: querySrv ECONNREFUSED _mongodb._tcp.cluster0.evqiglv.mongodb.net[39m
2025-04-19 07:11:32:1132 [31merror[39m: [31mEmail sending error: queryAaaa ETIMEOUT smtp.example.com[39m
2025-04-19 07:11:32:1132 [31merror[39m: [31mFailed to send verification email: queryAaaa ETIMEOUT smtp.example.com[39m
2025-04-19 07:31:24:3124 [31merror[39m: [31mJWT verification error: invalid signature[39m
2025-04-19 21:01:33:133 [31merror[39m: [31mError connecting to MongoDB: querySrv ECONNREFUSED _mongodb._tcp.cluster0.evqiglv.mongodb.net[39m
2025-04-19 21:01:44:144 [31merror[39m: [31mError connecting to MongoDB: querySrv ECONNREFUSED _mongodb._tcp.cluster0.evqiglv.mongodb.net[39m
2025-04-19 22:19:07:197 [31merror[39m: [31mJWT verification error: jwt expired[39m
2025-04-19 22:48:01:481 [31merror[39m: [31mJWT verification error: jwt expired[39m
2025-04-19 23:36:48:3648 [31merror[39m: [31mJWT verification error: jwt expired[39m
2025-04-19 23:42:34:4234 [31merror[39m: [31mError connecting to MongoDB: Could not connect to any servers in your MongoDB Atlas cluster. One common reason is that you're trying to access the database from an IP that isn't whitelisted. Make sure your current IP address is on your Atlas cluster's IP whitelist: https://www.mongodb.com/docs/atlas/security-whitelist/[39m
2025-04-19 23:46:02:462 [31merror[39m: [31mError connecting to MongoDB: querySrv ESERVFAIL _mongodb._tcp.cluster0.evqiglv.mongodb.net[39m
2025-04-20 05:27:09:279 [31merror[39m: [31mJWT verification error: jwt expired[39m
2025-04-20 05:43:43:4343 [31merror[39m: [31mJWT verification error: jwt expired[39m
2025-04-20 15:55:38:5538 [31merror[39m: [31mError connecting to MongoDB: querySrv ETIMEOUT _mongodb._tcp.cluster0.evqiglv.mongodb.net[39m
2025-04-20 16:04:01:41 [31merror[39m: [31mJWT generation error: "expiresIn" should be a number of seconds or string representing a timespan[39m
2025-04-20 16:11:50:1150 [31merror[39m: [31mJWT generation error: "expiresIn" should be a number of seconds or string representing a timespan[39m
2025-04-20 16:40:57:4057 [31merror[39m: [31mError connecting to MongoDB: querySrv ESERVFAIL _mongodb._tcp.cluster0.evqiglv.mongodb.net[39m
2025-04-20 16:48:00:480 [31merror[39m: [31mJWT verification error: jwt expired[39m
2025-04-20 17:01:32:132 [31merror[39m: [31mJWT verification error: jwt expired[39m
2025-04-20 17:10:02:102 [31merror[39m: [31mEmail sending error: Client network socket disconnected before secure TLS connection was established[39m
2025-04-20 17:10:02:102 [31merror[39m: [31mEmail error: Client network socket disconnected before secure TLS connection was established[39m
2025-04-20 17:18:18:1818 [31merror[39m: [31mJWT verification error: jwt expired[39m
2025-04-20 17:40:33:4033 [31merror[39m: [31mJWT verification error: jwt expired[39m
2025-04-20 17:42:53:4253 [31merror[39m: [31mJWT verification error: jwt expired[39m
2025-04-20 17:49:28:4928 [31merror[39m: [31mJWT verification error: jwt expired[39m
2025-04-20 17:49:45:4945 [31merror[39m: [31mJWT verification error: jwt expired[39m
2025-04-20 17:49:59:4959 [31merror[39m: [31mError connecting to MongoDB: Could not connect to any servers in your MongoDB Atlas cluster. One common reason is that you're trying to access the database from an IP that isn't whitelisted. Make sure your current IP address is on your Atlas cluster's IP whitelist: https://www.mongodb.com/docs/atlas/security-whitelist/[39m
2025-04-20 18:22:46:2246 [31merror[39m: [31mJWT verification error: jwt expired[39m
2025-04-21 16:32:15:3215 [31merror[39m: [31mAuth middleware error: getaddrinfo ENOTFOUND ac-aozmc2l-shard-00-02.evqiglv.mongodb.net[39m
2025-04-21 16:32:46:3246 [31merror[39m: [31mAuth middleware error: getaddrinfo ENOTFOUND ac-aozmc2l-shard-00-02.evqiglv.mongodb.net[39m
2025-04-21 17:51:19:5119 [31merror[39m: [31mAuth middleware error: getaddrinfo ENOTFOUND ac-aozmc2l-shard-00-00.evqiglv.mongodb.net[39m
2025-04-22 08:06:49:649 [31merror[39m: [31mAuth middleware error: connection <monitor> to 65.62.2.180:27017 timed out[39m
2025-04-22 16:42:40:4240 [31merror[39m: [31mError connecting to MongoDB: getaddrinfo ENOTFOUND ac-aozmc2l-shard-00-02.evqiglv.mongodb.net[39m
2025-04-23 20:17:50:1750 [31merror[39m: [31mError connecting to MongoDB: querySrv ECONNREFUSED _mongodb._tcp.cluster0.evqiglv.mongodb.net[39m
2025-04-29 15:57:29:5729 [31merror[39m: [31mError connecting to MongoDB: Could not connect to any servers in your MongoDB Atlas cluster. One common reason is that you're trying to access the database from an IP that isn't whitelisted. Make sure your current IP address is on your Atlas cluster's IP whitelist: https://www.mongodb.com/docs/atlas/security-whitelist/[39m
2025-04-29 18:00:27:027 [31merror[39m: [31mError connecting to MongoDB: getaddrinfo ENOTFOUND ac-aozmc2l-shard-00-02.evqiglv.mongodb.net[39m
2025-04-29 23:41:26:4126 [31merror[39m: [31mError connecting to MongoDB: Could not connect to any servers in your MongoDB Atlas cluster. One common reason is that you're trying to access the database from an IP that isn't whitelisted. Make sure your current IP address is on your Atlas cluster's IP whitelist: https://www.mongodb.com/docs/atlas/security-whitelist/[39m
2025-04-30 00:00:29:029 [31merror[39m: [31mPayment verification error: Transaction not found[39m
2025-04-30 00:02:02:22 [31merror[39m: [31mPayment verification error: Transaction not found[39m
2025-04-30 21:55:06:556 [31merror[39m: [31mError connecting to MongoDB: Could not connect to any servers in your MongoDB Atlas cluster. One common reason is that you're trying to access the database from an IP that isn't whitelisted. Make sure your current IP address is on your Atlas cluster's IP whitelist: https://www.mongodb.com/docs/atlas/security-whitelist/[39m
2025-05-01 11:53:00:530 [31merror[39m: [31mAuth middleware error: getaddrinfo ENOTFOUND ac-aozmc2l-shard-00-02.evqiglv.mongodb.net[39m
2025-05-01 11:53:00:530 [31merror[39m: [31mAuth middleware error: getaddrinfo ENOTFOUND ac-aozmc2l-shard-00-02.evqiglv.mongodb.net[39m
2025-05-01 11:53:19:5319 [31merror[39m: [31mAuth middleware error: getaddrinfo ENOTFOUND ac-aozmc2l-shard-00-02.evqiglv.mongodb.net[39m
2025-05-01 11:55:13:5513 [31merror[39m: [31mError connecting to MongoDB: Could not connect to any servers in your MongoDB Atlas cluster. One common reason is that you're trying to access the database from an IP that isn't whitelisted. Make sure your current IP address is on your Atlas cluster's IP whitelist: https://www.mongodb.com/docs/atlas/security-whitelist/[39m
2025-05-01 11:56:23:5623 [31merror[39m: [31mError connecting to MongoDB: Could not connect to any servers in your MongoDB Atlas cluster. One common reason is that you're trying to access the database from an IP that isn't whitelisted. Make sure your current IP address is on your Atlas cluster's IP whitelist: https://www.mongodb.com/docs/atlas/security-whitelist/[39m
2025-05-01 12:29:58:2958 [31merror[39m: [31mError connecting to MongoDB: Could not connect to any servers in your MongoDB Atlas cluster. One common reason is that you're trying to access the database from an IP that isn't whitelisted. Make sure your current IP address is on your Atlas cluster's IP whitelist: https://www.mongodb.com/docs/atlas/security-whitelist/[39m
2025-05-01 14:01:55:155 [31merror[39m: [31mError connecting to MongoDB: Could not connect to any servers in your MongoDB Atlas cluster. One common reason is that you're trying to access the database from an IP that isn't whitelisted. Make sure your current IP address is on your Atlas cluster's IP whitelist: https://www.mongodb.com/docs/atlas/security-whitelist/[39m
2025-05-01 14:26:31:2631 [31merror[39m: [31mAuth middleware error: Socket 'secureConnect' timed out after 30000ms (connectTimeoutMS: 30000)[39m
2025-05-02 09:44:39:4439 [31merror[39m: [31mUser ID not found in payment metadata[39m
2025-05-02 09:47:35:4735 [31merror[39m: [31mUser ID not found in payment metadata[39m
2025-05-02 09:48:46:4846 [31merror[39m: [31mUser ID not found in payment metadata[39m
2025-05-02 09:51:36:5136 [31merror[39m: [31mUser ID not found in payment metadata[39m
2025-05-02 09:56:57:5657 [31merror[39m: [31mPayment verification failed: User ID not found in payment metadata[39m
2025-05-02 10:00:22:022 [31merror[39m: [31mPayment verification failed: User ID not found in payment metadata[39m
2025-05-02 10:05:20:520 [31merror[39m: [31mUser ID not found in payment metadata[39m
2025-05-02 11:29:24:2924 [31merror[39m: [31mPayment verification failed: User ID not found in payment metadata[39m
2025-05-02 21:19:39:1939 [31merror[39m: [31mError connecting to MongoDB: getaddrinfo ENOTFOUND ac-aozmc2l-shard-00-02.evqiglv.mongodb.net[39m
2025-05-06 19:32:40:3240 [31merror[39m: [31mAuth middleware error: getaddrinfo ENOTFOUND ac-aozmc2l-shard-00-02.evqiglv.mongodb.net[39m
2025-05-06 19:32:40:3240 [31merror[39m: [31mAuth middleware error: getaddrinfo ENOTFOUND ac-aozmc2l-shard-00-02.evqiglv.mongodb.net[39m
2025-05-06 19:33:00:330 [31merror[39m: [31mAuth middleware error: getaddrinfo ENOTFOUND ac-aozmc2l-shard-00-02.evqiglv.mongodb.net[39m
2025-05-07 09:12:30:1230 [31merror[39m: [31mCloudinary upload error: Unknown error[39m
2025-05-07 09:20:24:2024 [31merror[39m: [31mCloudinary upload error: Unknown error[39m
2025-05-07 13:11:34:1134 [31merror[39m: [31mAuth middleware error: getaddrinfo ENOTFOUND ac-aozmc2l-shard-00-02.evqiglv.mongodb.net[39m
2025-05-07 13:11:34:1134 [31merror[39m: [31mAuth middleware error: getaddrinfo ENOTFOUND ac-aozmc2l-shard-00-02.evqiglv.mongodb.net[39m
2025-05-07 13:11:44:1144 [31merror[39m: [31mAuth middleware error: getaddrinfo ENOTFOUND ac-aozmc2l-shard-00-02.evqiglv.mongodb.net[39m
2025-05-07 13:11:52:1152 [31merror[39m: [31mAuth middleware error: getaddrinfo ENOTFOUND ac-aozmc2l-shard-00-02.evqiglv.mongodb.net[39m
2025-05-07 13:11:52:1152 [31merror[39m: [31mAuth middleware error: getaddrinfo ENOTFOUND ac-aozmc2l-shard-00-02.evqiglv.mongodb.net[39m
2025-05-07 13:12:12:1212 [31merror[39m: [31mAuth middleware error: getaddrinfo ENOTFOUND ac-aozmc2l-shard-00-02.evqiglv.mongodb.net[39m
2025-05-07 19:19:52:1952 [31merror[39m: [31mAuth middleware error: Connection pool for ac-aozmc2l-shard-00-02.evqiglv.mongodb.net:27017 was cleared because another operation failed with: "getaddrinfo ENOTFOUND ac-aozmc2l-shard-00-02.evqiglv.mongodb.net"[39m
2025-05-07 19:19:53:1953 [31merror[39m: [31mAuth middleware error: Connection pool for ac-aozmc2l-shard-00-02.evqiglv.mongodb.net:27017 was cleared because another operation failed with: "getaddrinfo ENOTFOUND ac-aozmc2l-shard-00-02.evqiglv.mongodb.net"[39m
2025-05-07 19:32:44:3244 [31merror[39m: [31mAuth middleware error: getaddrinfo ENOTFOUND ac-aozmc2l-shard-00-00.evqiglv.mongodb.net[39m
2025-05-07 19:33:03:333 [31merror[39m: [31mAuth middleware error: getaddrinfo ENOTFOUND ac-aozmc2l-shard-00-00.evqiglv.mongodb.net[39m
2025-05-07 19:33:03:333 [31merror[39m: [31mAuth middleware error: getaddrinfo ENOTFOUND ac-aozmc2l-shard-00-00.evqiglv.mongodb.net[39m
2025-05-07 19:33:14:3314 [31merror[39m: [31mAuth middleware error: getaddrinfo ENOTFOUND ac-aozmc2l-shard-00-00.evqiglv.mongodb.net[39m
2025-05-07 19:33:34:3334 [31merror[39m: [31mAuth middleware error: getaddrinfo ENOTFOUND ac-aozmc2l-shard-00-00.evqiglv.mongodb.net[39m
2025-05-07 19:33:44:3344 [31merror[39m: [31mAuth middleware error: getaddrinfo ENOTFOUND ac-aozmc2l-shard-00-00.evqiglv.mongodb.net[39m
2025-05-07 19:33:54:3354 [31merror[39m: [31mAuth middleware error: getaddrinfo ENOTFOUND ac-aozmc2l-shard-00-00.evqiglv.mongodb.net[39m
2025-05-12 11:17:56:1756 [31merror[39m: [31mAuth middleware error: Socket 'secureConnect' timed out after 30487ms (connectTimeoutMS: 30000)[39m
2025-05-12 11:17:56:1756 [31merror[39m: [31mAuth middleware error: Socket 'secureConnect' timed out after 30487ms (connectTimeoutMS: 30000)[39m
2025-05-12 12:05:17:517 [31merror[39m: [31mError connecting to MongoDB: getaddrinfo ENOTFOUND ac-aozmc2l-shard-00-01.evqiglv.mongodb.net[39m
2025-05-13 12:02:14:214 [31merror[39m: [31mError connecting to MongoDB: querySrv ETIMEOUT _mongodb._tcp.cluster0.evqiglv.mongodb.net[39m
2025-05-13 12:03:54:354 [31merror[39m: [31mError connecting to MongoDB: querySrv ECONNREFUSED _mongodb._tcp.cluster0.evqiglv.mongodb.net[39m
2025-05-13 12:04:28:428 [31merror[39m: [31mError connecting to MongoDB: querySrv ECONNREFUSED _mongodb._tcp.cluster0.evqiglv.mongodb.net[39m
2025-05-13 15:00:47:047 [31merror[39m: [31mJWT verification error: jwt expired[39m
2025-05-13 15:00:47:047 [31merror[39m: [31mJWT verification error: jwt expired[39m
2025-05-13 15:00:47:047 [31merror[39m: [31mJWT verification error: jwt expired[39m
2025-05-13 15:01:02:12 [31merror[39m: [31mJWT verification error: jwt expired[39m
2025-05-13 15:01:02:12 [31merror[39m: [31mJWT verification error: jwt expired[39m
2025-05-13 15:01:03:13 [31merror[39m: [31mJWT verification error: jwt expired[39m
2025-05-13 15:01:38:138 [31merror[39m: [31mJWT verification error: jwt malformed[39m
2025-05-13 15:01:38:138 [31merror[39m: [31mJWT verification error: jwt malformed[39m
2025-05-13 15:02:13:213 [31merror[39m: [31mJWT verification error: jwt malformed[39m
2025-05-13 15:02:13:213 [31merror[39m: [31mJWT verification error: jwt malformed[39m
2025-05-13 15:02:17:217 [31merror[39m: [31mJWT verification error: jwt malformed[39m
2025-05-13 17:19:44:1944 [31merror[39m: [31mJWT verification error: jwt malformed[39m
2025-05-14 12:32:01:321 [31merror[39m: [31mJWT verification error: jwt malformed[39m
2025-05-14 17:55:56:5556 [31merror[39m: [31mJWT verification error: jwt malformed[39m
2025-05-14 17:55:57:5557 [31merror[39m: [31mJWT verification error: jwt malformed[39m
2025-05-14 18:00:25:025 [31merror[39m: [31mJWT verification error: jwt malformed[39m
2025-05-15 07:15:57:1557 [31merror[39m: [31mAuth middleware error: connection <monitor> to 65.62.2.187:27017 timed out[39m
2025-05-15 07:15:57:1557 [31merror[39m: [31mAuth middleware error: connection <monitor> to 65.62.2.187:27017 timed out[39m
2025-05-15 07:15:57:1557 [31merror[39m: [31mAuth middleware error: connection <monitor> to 65.62.2.187:27017 timed out[39m
2025-05-15 07:16:03:163 [31merror[39m: [31mAuth middleware error: connection <monitor> to 65.62.2.187:27017 timed out[39m
2025-05-15 07:16:03:163 [31merror[39m: [31mAuth middleware error: connection <monitor> to 65.62.2.187:27017 timed out[39m
2025-05-15 07:16:33:1633 [31merror[39m: [31mJWT verification error: jwt malformed[39m
2025-05-15 07:16:42:1642 [31merror[39m: [31mJWT verification error: jwt malformed[39m
2025-05-15 07:16:42:1642 [31merror[39m: [31mJWT verification error: jwt malformed[39m
2025-05-15 08:38:07:387 [31merror[39m: [31mJWT verification error: jwt malformed[39m
2025-05-15 08:43:52:4352 [31merror[39m: [31mError connecting to MongoDB: Could not connect to any servers in your MongoDB Atlas cluster. One common reason is that you're trying to access the database from an IP that isn't whitelisted. Make sure your current IP address is on your Atlas cluster's IP whitelist: https://www.mongodb.com/docs/atlas/security-whitelist/[39m
2025-05-15 11:33:38:3338 [31merror[39m: [31mJWT verification error: jwt malformed[39m
2025-05-15 11:45:36:4536 [31merror[39m: [31mJWT verification error: jwt malformed[39m
2025-05-15 14:24:13:2413 [31merror[39m: [31mAuth middleware error: Socket 'secureConnect' timed out after 30167ms (connectTimeoutMS: 30000)[39m
2025-05-15 14:24:13:2413 [31merror[39m: [31mAuth middleware error: Socket 'secureConnect' timed out after 30167ms (connectTimeoutMS: 30000)[39m
2025-05-15 14:24:21:2421 [31merror[39m: [31mAuth middleware error: Socket 'secureConnect' timed out after 30167ms (connectTimeoutMS: 30000)[39m
2025-05-15 14:24:22:2422 [31merror[39m: [31mAuth middleware error: Socket 'secureConnect' timed out after 30167ms (connectTimeoutMS: 30000)[39m
2025-05-15 14:24:29:2429 [31merror[39m: [31mJWT verification error: jwt malformed[39m
2025-05-15 14:24:29:2429 [31merror[39m: [31mJWT verification error: jwt malformed[39m
2025-05-15 14:24:52:2452 [31merror[39m: [31mAuth middleware error: Socket 'secureConnect' timed out after 30147ms (connectTimeoutMS: 30000)[39m
2025-05-15 14:26:20:2620 [31merror[39m: [31mError connecting to MongoDB: Socket 'secureConnect' timed out after 30151ms (connectTimeoutMS: 30000)[39m
2025-05-15 14:28:23:2823 [31merror[39m: [31mError connecting to MongoDB: Could not connect to any servers in your MongoDB Atlas cluster. One common reason is that you're trying to access the database from an IP that isn't whitelisted. Make sure your current IP address is on your Atlas cluster's IP whitelist: https://www.mongodb.com/docs/atlas/security-whitelist/[39m
2025-05-15 16:46:06:466 [31merror[39m: [31mJWT verification error: jwt malformed[39m
2025-05-15 16:46:06:466 [31merror[39m: [31mJWT verification error: jwt malformed[39m
2025-05-15 16:55:00:550 [31merror[39m: [31mJWT verification error: jwt malformed[39m
2025-05-16 08:35:21:3521 [31merror[39m: [31mError connecting to MongoDB: getaddrinfo ENOTFOUND ac-aozmc2l-shard-00-02.evqiglv.mongodb.net[39m
2025-05-16 08:38:42:3842 [31merror[39m: [31mJWT verification error: jwt malformed[39m
2025-05-16 17:57:32:5732 [31merror[39m: [31mJWT verification error: jwt malformed[39m
2025-05-17 11:20:07:207 [31merror[39m: [31mError connecting to MongoDB: queryTxt ESERVFAIL cluster0.evqiglv.mongodb.net[39m
2025-05-17 11:23:24:2324 [31merror[39m: [31mJWT verification error: jwt expired[39m
2025-05-17 11:23:27:2327 [31merror[39m: [31mJWT verification error: jwt expired[39m
2025-05-17 11:23:33:2333 [31merror[39m: [31mJWT verification error: jwt malformed[39m
2025-05-17 11:23:33:2333 [31merror[39m: [31mJWT verification error: jwt malformed[39m
2025-05-17 21:27:25:2725 [31merror[39m: [31mError connecting to MongoDB: queryTxt ESERVFAIL cluster0.evqiglv.mongodb.net[39m
2025-05-17 22:11:11:1111 [31merror[39m: [31mAuth middleware error: read ECONNRESET[39m
2025-05-17 22:41:03:413 [31merror[39m: [31mAuth middleware error: getaddrinfo ENOTFOUND ac-aozmc2l-shard-00-02.evqiglv.mongodb.net[39m
2025-05-17 22:41:08:418 [31merror[39m: [31mAuth middleware error: getaddrinfo ENOTFOUND ac-aozmc2l-shard-00-02.evqiglv.mongodb.net[39m
2025-05-17 22:41:08:418 [31merror[39m: [31mAuth middleware error: getaddrinfo ENOTFOUND ac-aozmc2l-shard-00-02.evqiglv.mongodb.net[39m
2025-05-17 22:41:08:418 [31merror[39m: [31mAuth middleware error: getaddrinfo ENOTFOUND ac-aozmc2l-shard-00-02.evqiglv.mongodb.net[39m
2025-05-17 22:41:14:4114 [31merror[39m: [31mJWT verification error: jwt malformed[39m
2025-05-17 22:41:14:4114 [31merror[39m: [31mJWT verification error: jwt malformed[39m
2025-05-17 22:41:14:4114 [31merror[39m: [31mJWT verification error: jwt malformed[39m
2025-05-17 22:41:14:4114 [31merror[39m: [31mJWT verification error: jwt malformed[39m
2025-05-17 22:41:23:4123 [31merror[39m: [31mAuth middleware error: getaddrinfo ENOTFOUND ac-aozmc2l-shard-00-02.evqiglv.mongodb.net[39m
2025-05-17 22:41:25:4125 [31merror[39m: [31mJWT verification error: jwt malformed[39m
2025-05-17 22:41:27:4127 [31merror[39m: [31mJWT verification error: jwt malformed[39m
2025-05-17 22:41:27:4127 [31merror[39m: [31mJWT verification error: jwt malformed[39m
2025-05-17 22:41:27:4127 [31merror[39m: [31mJWT verification error: jwt malformed[39m
2025-05-17 22:41:27:4127 [31merror[39m: [31mJWT verification error: jwt malformed[39m
2025-05-17 22:41:27:4127 [31merror[39m: [31mJWT verification error: jwt malformed[39m
2025-05-17 22:41:27:4127 [31merror[39m: [31mJWT verification error: jwt malformed[39m
2025-05-17 22:41:27:4127 [31merror[39m: [31mJWT verification error: jwt malformed[39m
2025-05-17 22:41:27:4127 [31merror[39m: [31mJWT verification error: jwt malformed[39m
2025-05-17 22:41:33:4133 [31merror[39m: [31mAuth middleware error: getaddrinfo ENOTFOUND ac-aozmc2l-shard-00-02.evqiglv.mongodb.net[39m
2025-05-17 22:41:38:4138 [31merror[39m: [31mAuth middleware error: getaddrinfo ENOTFOUND ac-aozmc2l-shard-00-02.evqiglv.mongodb.net[39m
2025-05-17 22:41:43:4143 [31merror[39m: [31mJWT verification error: jwt malformed[39m
2025-05-17 22:41:43:4143 [31merror[39m: [31mJWT verification error: jwt malformed[39m
2025-05-17 22:41:44:4144 [31merror[39m: [31mJWT verification error: jwt malformed[39m
2025-05-17 22:41:44:4144 [31merror[39m: [31mJWT verification error: jwt malformed[39m
2025-05-17 22:41:44:4144 [31merror[39m: [31mJWT verification error: jwt malformed[39m
2025-05-17 22:41:44:4144 [31merror[39m: [31mJWT verification error: jwt malformed[39m
2025-05-17 22:41:44:4144 [31merror[39m: [31mJWT verification error: jwt malformed[39m
2025-05-17 22:45:52:4552 [31merror[39m: [31mJWT verification error: jwt malformed[39m
2025-05-17 22:45:52:4552 [31merror[39m: [31mJWT verification error: jwt malformed[39m
2025-05-17 22:45:52:4552 [31merror[39m: [31mJWT verification error: jwt malformed[39m
2025-05-17 22:45:52:4552 [31merror[39m: [31mJWT verification error: jwt malformed[39m
2025-05-17 22:45:52:4552 [31merror[39m: [31mJWT verification error: jwt malformed[39m
2025-05-17 22:45:52:4552 [31merror[39m: [31mJWT verification error: jwt malformed[39m
2025-05-17 22:45:52:4552 [31merror[39m: [31mJWT verification error: jwt malformed[39m
2025-05-17 22:45:52:4552 [31merror[39m: [31mJWT verification error: jwt malformed[39m
2025-05-17 22:45:52:4552 [31merror[39m: [31mJWT verification error: jwt malformed[39m
2025-05-17 22:45:52:4552 [31merror[39m: [31mJWT verification error: jwt malformed[39m
2025-05-17 23:07:59:759 [31merror[39m: [31mJWT verification error: jwt malformed[39m
2025-05-17 23:07:59:759 [31merror[39m: [31mJWT verification error: jwt malformed[39m
2025-05-17 23:07:59:759 [31merror[39m: [31mJWT verification error: jwt malformed[39m
2025-05-17 23:07:59:759 [31merror[39m: [31mJWT verification error: jwt malformed[39m
2025-05-17 23:07:59:759 [31merror[39m: [31mJWT verification error: jwt malformed[39m
2025-05-17 23:08:15:815 [31merror[39m: [31mJWT verification error: jwt malformed[39m
2025-05-17 23:08:15:815 [31merror[39m: [31mJWT verification error: jwt malformed[39m
2025-05-17 23:08:15:815 [31merror[39m: [31mJWT verification error: jwt malformed[39m
2025-05-17 23:08:15:815 [31merror[39m: [31mJWT verification error: jwt malformed[39m
2025-05-17 23:08:15:815 [31merror[39m: [31mJWT verification error: jwt malformed[39m
2025-05-17 23:09:27:927 [31merror[39m: [31mJWT verification error: jwt malformed[39m
2025-05-17 23:09:27:927 [31merror[39m: [31mJWT verification error: jwt malformed[39m
2025-05-17 23:09:27:927 [31merror[39m: [31mJWT verification error: jwt malformed[39m
2025-05-17 23:09:27:927 [31merror[39m: [31mJWT verification error: jwt malformed[39m
2025-05-17 23:09:27:927 [31merror[39m: [31mJWT verification error: jwt malformed[39m
2025-05-18 13:47:09:479 [31merror[39m: [31mJWT verification error: jwt malformed[39m
2025-05-18 13:47:09:479 [31merror[39m: [31mJWT verification error: jwt malformed[39m
2025-05-18 13:47:09:479 [31merror[39m: [31mJWT verification error: jwt malformed[39m
2025-05-18 13:47:10:4710 [31merror[39m: [31mJWT verification error: jwt malformed[39m
2025-05-18 13:47:10:4710 [31merror[39m: [31mJWT verification error: jwt malformed[39m
2025-05-18 15:10:26:1026 [31merror[39m: [31mJWT verification error: jwt malformed[39m
2025-05-18 15:10:26:1026 [31merror[39m: [31mJWT verification error: jwt malformed[39m
2025-05-18 15:10:27:1027 [31merror[39m: [31mJWT verification error: jwt malformed[39m
2025-05-18 15:10:27:1027 [31merror[39m: [31mJWT verification error: jwt malformed[39m
2025-05-18 15:10:27:1027 [31merror[39m: [31mJWT verification error: jwt malformed[39m
2025-05-18 15:10:27:1027 [31merror[39m: [31mJWT verification error: jwt malformed[39m
2025-05-18 15:10:27:1027 [31merror[39m: [31mJWT verification error: jwt malformed[39m
2025-05-18 15:10:27:1027 [31merror[39m: [31mJWT verification error: jwt malformed[39m
2025-05-18 15:10:27:1027 [31merror[39m: [31mJWT verification error: jwt malformed[39m
2025-05-18 15:10:27:1027 [31merror[39m: [31mJWT verification error: jwt malformed[39m
2025-05-18 15:12:30:1230 [31merror[39m: [31mJWT verification error: jwt malformed[39m
2025-05-18 15:12:30:1230 [31merror[39m: [31mJWT verification error: jwt malformed[39m
2025-05-18 15:12:30:1230 [31merror[39m: [31mJWT verification error: jwt malformed[39m
2025-05-18 15:12:31:1231 [31merror[39m: [31mJWT verification error: jwt malformed[39m
2025-05-18 15:12:31:1231 [31merror[39m: [31mJWT verification error: jwt malformed[39m
2025-05-19 11:47:34:4734 [31merror[39m: [31mError connecting to MongoDB: queryTxt ESERVFAIL cluster0.evqiglv.mongodb.net[39m
2025-05-19 12:14:58:1458 [31merror[39m: [31mJWT verification error: jwt malformed[39m
2025-05-19 12:14:58:1458 [31merror[39m: [31mJWT verification error: jwt malformed[39m
2025-05-19 12:14:58:1458 [31merror[39m: [31mJWT verification error: jwt malformed[39m
2025-05-19 12:14:58:1458 [31merror[39m: [31mJWT verification error: jwt malformed[39m
2025-05-19 12:14:58:1458 [31merror[39m: [31mJWT verification error: jwt malformed[39m
2025-05-19 12:15:20:1520 [31merror[39m: [31mJWT verification error: jwt malformed[39m
2025-05-19 12:15:20:1520 [31merror[39m: [31mJWT verification error: jwt malformed[39m
2025-05-19 12:15:20:1520 [31merror[39m: [31mJWT verification error: jwt malformed[39m
2025-05-19 12:15:20:1520 [31merror[39m: [31mJWT verification error: jwt malformed[39m
2025-05-19 12:15:20:1520 [31merror[39m: [31mJWT verification error: jwt malformed[39m
2025-05-19 16:05:23:523 [31merror[39m: [31mJWT verification error: jwt malformed[39m
2025-05-19 16:05:23:523 [31merror[39m: [31mJWT verification error: jwt malformed[39m
2025-05-19 16:05:23:523 [31merror[39m: [31mJWT verification error: jwt malformed[39m
2025-05-19 16:05:23:523 [31merror[39m: [31mJWT verification error: jwt malformed[39m
2025-05-19 16:05:23:523 [31merror[39m: [31mJWT verification error: jwt malformed[39m
2025-05-20 05:57:50:5750 [31merror[39m: [31mJWT verification error: jwt malformed[39m
2025-05-20 05:57:50:5750 [31merror[39m: [31mJWT verification error: jwt malformed[39m
2025-05-20 05:57:50:5750 [31merror[39m: [31mJWT verification error: jwt malformed[39m
2025-05-20 05:57:50:5750 [31merror[39m: [31mJWT verification error: jwt malformed[39m
2025-05-20 05:57:50:5750 [31merror[39m: [31mJWT verification error: jwt malformed[39m
2025-05-20 05:58:00:580 [31merror[39m: [31mJWT verification error: jwt malformed[39m
2025-05-20 05:58:00:580 [31merror[39m: [31mJWT verification error: jwt malformed[39m
2025-05-20 05:58:00:580 [31merror[39m: [31mJWT verification error: jwt malformed[39m
2025-05-20 05:58:00:580 [31merror[39m: [31mJWT verification error: jwt malformed[39m
2025-05-20 05:58:00:580 [31merror[39m: [31mJWT verification error: jwt malformed[39m
2025-05-20 05:58:12:5812 [31merror[39m: [31mJWT verification error: jwt malformed[39m
2025-05-20 05:58:12:5812 [31merror[39m: [31mJWT verification error: jwt malformed[39m
2025-05-20 05:58:12:5812 [31merror[39m: [31mJWT verification error: jwt malformed[39m
2025-05-20 05:58:12:5812 [31merror[39m: [31mJWT verification error: jwt malformed[39m
2025-05-20 05:58:12:5812 [31merror[39m: [31mJWT verification error: jwt malformed[39m
2025-05-20 05:58:12:5812 [31merror[39m: [31mJWT verification error: jwt malformed[39m
2025-05-20 05:58:12:5812 [31merror[39m: [31mJWT verification error: jwt malformed[39m
2025-05-20 05:58:12:5812 [31merror[39m: [31mJWT verification error: jwt malformed[39m
2025-05-20 05:58:12:5812 [31merror[39m: [31mJWT verification error: jwt malformed[39m
2025-05-20 05:58:12:5812 [31merror[39m: [31mJWT verification error: jwt malformed[39m
2025-05-20 06:00:36:036 [31merror[39m: [31mJWT verification error: jwt malformed[39m
2025-05-20 06:00:36:036 [31merror[39m: [31mJWT verification error: jwt malformed[39m
2025-05-20 06:00:36:036 [31merror[39m: [31mJWT verification error: jwt malformed[39m
2025-05-20 06:00:36:036 [31merror[39m: [31mJWT verification error: jwt malformed[39m
2025-05-20 06:00:36:036 [31merror[39m: [31mJWT verification error: jwt malformed[39m
2025-05-20 06:01:00:10 [31merror[39m: [31mJWT verification error: jwt malformed[39m
2025-05-20 06:01:00:10 [31merror[39m: [31mJWT verification error: jwt malformed[39m
2025-05-20 06:01:00:10 [31merror[39m: [31mJWT verification error: jwt malformed[39m
2025-05-20 06:01:00:10 [31merror[39m: [31mJWT verification error: jwt malformed[39m
2025-05-20 06:01:00:10 [31merror[39m: [31mJWT verification error: jwt malformed[39m
2025-05-20 13:25:10:2510 [31merror[39m: [31mJWT verification error: jwt malformed[39m
2025-05-20 13:25:10:2510 [31merror[39m: [31mJWT verification error: jwt malformed[39m
2025-05-20 13:25:10:2510 [31merror[39m: [31mJWT verification error: jwt malformed[39m
2025-05-20 13:25:10:2510 [31merror[39m: [31mJWT verification error: jwt malformed[39m
2025-05-20 13:25:10:2510 [31merror[39m: [31mJWT verification error: jwt malformed[39m
2025-05-20 13:25:10:2510 [31merror[39m: [31mJWT verification error: jwt malformed[39m
2025-05-20 13:25:10:2510 [31merror[39m: [31mJWT verification error: jwt malformed[39m
2025-05-20 13:25:10:2510 [31merror[39m: [31mJWT verification error: jwt malformed[39m
2025-05-20 13:25:10:2510 [31merror[39m: [31mJWT verification error: jwt malformed[39m
2025-05-20 13:25:10:2510 [31merror[39m: [31mJWT verification error: jwt malformed[39m
2025-05-20 16:55:03:553 [31merror[39m: [31mAuth middleware error: Socket 'secureConnect' timed out after 30269ms (connectTimeoutMS: 30000)[39m
2025-05-20 16:55:03:553 [31merror[39m: [31mAuth middleware error: Socket 'secureConnect' timed out after 31518ms (connectTimeoutMS: 30000)[39m
2025-05-20 16:55:03:553 [31merror[39m: [31mAuth middleware error: Socket 'secureConnect' timed out after 31518ms (connectTimeoutMS: 30000)[39m
2025-05-20 16:55:33:5533 [31merror[39m: [31mAuth middleware error: Socket 'secureConnect' timed out after 31518ms (connectTimeoutMS: 30000)[39m
2025-05-20 16:55:33:5533 [31merror[39m: [31mAuth middleware error: Socket 'secureConnect' timed out after 31518ms (connectTimeoutMS: 30000)[39m
2025-05-20 16:55:33:5533 [31merror[39m: [31mAuth middleware error: Socket 'secureConnect' timed out after 31518ms (connectTimeoutMS: 30000)[39m
2025-05-20 16:56:03:563 [31merror[39m: [31mAuth middleware error: Socket 'secureConnect' timed out after 30173ms (connectTimeoutMS: 30000)[39m
2025-05-20 16:56:03:563 [31merror[39m: [31mAuth middleware error: Socket 'secureConnect' timed out after 30173ms (connectTimeoutMS: 30000)[39m
2025-05-20 16:56:03:563 [31merror[39m: [31mAuth middleware error: Socket 'secureConnect' timed out after 30173ms (connectTimeoutMS: 30000)[39m
2025-05-20 16:56:33:5633 [31merror[39m: [31mAuth middleware error: Socket 'secureConnect' timed out after 30156ms (connectTimeoutMS: 30000)[39m
2025-05-20 16:56:33:5633 [31merror[39m: [31mAuth middleware error: Socket 'secureConnect' timed out after 30156ms (connectTimeoutMS: 30000)[39m
2025-05-20 16:56:33:5633 [31merror[39m: [31mAuth middleware error: Socket 'secureConnect' timed out after 30156ms (connectTimeoutMS: 30000)[39m
2025-05-20 16:56:34:5634 [31merror[39m: [31mAuth middleware error: Socket 'secureConnect' timed out after 30156ms (connectTimeoutMS: 30000)[39m
2025-05-20 16:56:34:5634 [31merror[39m: [31mAuth middleware error: Socket 'secureConnect' timed out after 30156ms (connectTimeoutMS: 30000)[39m
2025-05-20 16:57:04:574 [31merror[39m: [31mAuth middleware error: Socket 'secureConnect' timed out after 30195ms (connectTimeoutMS: 30000)[39m
2025-05-20 16:57:04:574 [31merror[39m: [31mAuth middleware error: Socket 'secureConnect' timed out after 30195ms (connectTimeoutMS: 30000)[39m
2025-05-20 16:57:04:574 [31merror[39m: [31mAuth middleware error: Socket 'secureConnect' timed out after 30195ms (connectTimeoutMS: 30000)[39m
2025-05-20 16:57:24:5724 [31merror[39m: [31mAuth middleware error: Socket 'secureConnect' timed out after 30185ms (connectTimeoutMS: 30000)[39m
2025-05-20 16:57:34:5734 [31merror[39m: [31mAuth middleware error: Socket 'secureConnect' timed out after 30185ms (connectTimeoutMS: 30000)[39m
2025-05-20 16:57:34:5734 [31merror[39m: [31mAuth middleware error: Socket 'secureConnect' timed out after 30185ms (connectTimeoutMS: 30000)[39m
2025-05-20 16:58:04:584 [31merror[39m: [31mAuth middleware error: Socket 'secureConnect' timed out after 30248ms (connectTimeoutMS: 30000)[39m
2025-05-20 16:58:24:5824 [31merror[39m: [31mAuth middleware error: Socket 'secureConnect' timed out after 30157ms (connectTimeoutMS: 30000)[39m
2025-05-20 17:06:14:614 [31merror[39m: [31mJWT verification error: jwt malformed[39m
2025-05-20 17:06:14:614 [31merror[39m: [31mJWT verification error: jwt malformed[39m
2025-05-20 17:06:14:614 [31merror[39m: [31mJWT verification error: jwt malformed[39m
2025-05-20 17:06:14:614 [31merror[39m: [31mJWT verification error: jwt malformed[39m
2025-05-20 17:06:14:614 [31merror[39m: [31mJWT verification error: jwt malformed[39m
2025-05-20 17:55:34:5534 [31merror[39m: [31mJWT verification error: jwt malformed[39m
2025-05-20 17:55:34:5534 [31merror[39m: [31mJWT verification error: jwt malformed[39m
2025-05-20 17:55:34:5534 [31merror[39m: [31mJWT verification error: jwt malformed[39m
2025-05-20 17:55:35:5535 [31merror[39m: [31mJWT verification error: jwt malformed[39m
2025-05-20 17:55:35:5535 [31merror[39m: [31mJWT verification error: jwt malformed[39m
2025-05-20 17:55:38:5538 [31merror[39m: [31mJWT verification error: jwt malformed[39m
2025-05-20 17:55:38:5538 [31merror[39m: [31mJWT verification error: jwt malformed[39m
2025-05-20 17:55:38:5538 [31merror[39m: [31mJWT verification error: jwt malformed[39m
2025-05-20 17:55:38:5538 [31merror[39m: [31mJWT verification error: jwt malformed[39m
2025-05-20 17:55:38:5538 [31merror[39m: [31mJWT verification error: jwt malformed[39m
2025-05-20 17:57:05:575 [31merror[39m: [31mError connecting to MongoDB: querySrv ESERVFAIL _mongodb._tcp.cluster0.evqiglv.mongodb.net[39m
2025-05-20 17:57:25:5725 [31merror[39m: [31mError connecting to MongoDB: queryTxt ESERVFAIL cluster0.evqiglv.mongodb.net[39m
2025-05-20 18:01:13:113 [31merror[39m: [31mError connecting to MongoDB: queryTxt ESERVFAIL cluster0.evqiglv.mongodb.net[39m
2025-05-20 20:32:48:3248 [31merror[39m: [31mJWT verification error: jwt expired[39m
2025-05-20 20:32:48:3248 [31merror[39m: [31mJWT verification error: jwt expired[39m
2025-05-20 20:32:48:3248 [31merror[39m: [31mJWT verification error: jwt expired[39m
2025-05-20 20:32:48:3248 [31merror[39m: [31mJWT verification error: jwt expired[39m
2025-05-20 20:32:48:3248 [31merror[39m: [31mJWT verification error: jwt expired[39m
2025-05-20 20:32:48:3248 [31merror[39m: [31mJWT verification error: jwt expired[39m
2025-05-20 20:32:48:3248 [31merror[39m: [31mJWT verification error: jwt expired[39m
2025-05-20 20:32:48:3248 [31merror[39m: [31mJWT verification error: jwt expired[39m
2025-05-20 20:32:48:3248 [31merror[39m: [31mJWT verification error: jwt expired[39m
2025-05-20 20:32:48:3248 [31merror[39m: [31mJWT verification error: jwt expired[39m
2025-05-20 20:32:48:3248 [31merror[39m: [31mJWT verification error: jwt expired[39m
2025-05-20 20:48:41:4841 [31merror[39m: [31mAuth middleware error: connection <monitor> to 65.62.2.180:27017 timed out[39m
2025-05-20 20:48:41:4841 [31merror[39m: [31mAuth middleware error: connection <monitor> to 65.62.2.180:27017 timed out[39m
2025-05-20 20:49:01:491 [31merror[39m: [31mAuth middleware error: Socket 'secureConnect' timed out after 30745ms (connectTimeoutMS: 30000)[39m
2025-05-20 20:49:01:491 [31merror[39m: [31mAuth middleware error: Socket 'secureConnect' timed out after 30745ms (connectTimeoutMS: 30000)[39m
2025-05-20 20:49:05:495 [31merror[39m: [31mAuth middleware error: Socket 'secureConnect' timed out after 30745ms (connectTimeoutMS: 30000)[39m
2025-05-20 20:49:05:495 [31merror[39m: [31mAuth middleware error: Socket 'secureConnect' timed out after 30745ms (connectTimeoutMS: 30000)[39m
2025-05-20 20:49:05:495 [31merror[39m: [31mAuth middleware error: Socket 'secureConnect' timed out after 30745ms (connectTimeoutMS: 30000)[39m
2025-05-20 20:49:05:495 [31merror[39m: [31mAuth middleware error: Socket 'secureConnect' timed out after 30745ms (connectTimeoutMS: 30000)[39m
2025-05-20 20:49:05:495 [31merror[39m: [31mAuth middleware error: Socket 'secureConnect' timed out after 30745ms (connectTimeoutMS: 30000)[39m
2025-05-20 20:49:25:4925 [31merror[39m: [31mAuth middleware error: Socket 'secureConnect' timed out after 30170ms (connectTimeoutMS: 30000)[39m
2025-05-20 20:49:34:4934 [31merror[39m: [31mAuth middleware error: Socket 'secureConnect' timed out after 30170ms (connectTimeoutMS: 30000)[39m
2025-05-20 20:49:36:4936 [31merror[39m: [31mAuth middleware error: Socket 'secureConnect' timed out after 30170ms (connectTimeoutMS: 30000)[39m
2025-05-20 20:49:36:4936 [31merror[39m: [31mAuth middleware error: Socket 'secureConnect' timed out after 30170ms (connectTimeoutMS: 30000)[39m
2025-05-20 20:49:36:4936 [31merror[39m: [31mAuth middleware error: Socket 'secureConnect' timed out after 30170ms (connectTimeoutMS: 30000)[39m
2025-05-20 20:50:06:506 [31merror[39m: [31mAuth middleware error: Socket 'secureConnect' timed out after 30198ms (connectTimeoutMS: 30000)[39m
2025-05-20 20:50:06:506 [31merror[39m: [31mAuth middleware error: Socket 'secureConnect' timed out after 30198ms (connectTimeoutMS: 30000)[39m
2025-05-20 20:50:06:506 [31merror[39m: [31mAuth middleware error: Socket 'secureConnect' timed out after 30198ms (connectTimeoutMS: 30000)[39m
2025-05-20 20:50:36:5036 [31merror[39m: [31mAuth middleware error: Socket 'secureConnect' timed out after 30245ms (connectTimeoutMS: 30000)[39m
2025-05-20 20:50:36:5036 [31merror[39m: [31mAuth middleware error: Socket 'secureConnect' timed out after 30245ms (connectTimeoutMS: 30000)[39m
2025-05-20 20:51:06:516 [31merror[39m: [31mAuth middleware error: Socket 'secureConnect' timed out after 30232ms (connectTimeoutMS: 30000)[39m
2025-05-20 20:51:06:516 [31merror[39m: [31mAuth middleware error: Socket 'secureConnect' timed out after 30232ms (connectTimeoutMS: 30000)[39m
2025-05-20 20:51:36:5136 [31merror[39m: [31mAuth middleware error: Socket 'secureConnect' timed out after 30163ms (connectTimeoutMS: 30000)[39m
2025-05-22 07:31:55:3155 [31merror[39m: [31mJWT verification error: jwt malformed[39m
2025-05-22 07:31:55:3155 [31merror[39m: [31mJWT verification error: jwt malformed[39m
2025-05-22 07:31:56:3156 [31merror[39m: [31mJWT verification error: jwt malformed[39m
2025-05-22 07:31:56:3156 [31merror[39m: [31mJWT verification error: jwt malformed[39m
2025-05-22 07:31:56:3156 [31merror[39m: [31mJWT verification error: jwt malformed[39m
